MPRINT(EM_DIAGRAM):    data _null_;
MPRINT(EM_DIAGRAM):   call symput('NLDATE', strip(put(date(), NLDATE.)));
MPRINT(EM_DIAGRAM):   call symput('NLTIME', strip(put(datetime(), NLTIME.)));
MPRINT(EM_DIAGRAM):   run;
MPRINT(EM_DIAGRAM):   data _null_;
MPRINT(EM_DIAGRAM):   nldate= sasmsg("sashelp.dmine", "log_date_note", 'N', "October 20, 2018" );
MPRINT(EM_DIAGRAM):   nltime= sasmsg("sashelp.dmine", "log_time_note", 'N', "16:16:21" );
MPRINT(EM_DIAGRAM):   put "*------------------------------------------------------------*";
MPRINT(EM_DIAGRAM):   put "* Report Log";
MPRINT(EM_DIAGRAM):   put nldate;
MPRINT(EM_DIAGRAM):   put nltime;
MPRINT(EM_DIAGRAM):   put "*------------------------------------------------------------*";
MPRINT(EM_DIAGRAM):   run;
*------------------------------------------------------------*
* Report Log
Date:                October 20, 2018
Time:                16:16:21
*------------------------------------------------------------*
MPRINT(EM_DIAGRAM):    filename O0ZCFW2L "J:\JMMORR01\CIS 445\Tutorial 1\Charity\Workspaces\EMWS1\Impt\EMREPORT.out" encoding="UTF-8" NOBOM;
MPRINT(EM_DIAGRAM):   proc printto print=O0ZCFW2L new;
MPRINT(EM_DIAGRAM):   run;
30628      %let _nimpute = 0;
30629      data EMWS1.Impt_RESULT;
MPRINT(EM_DIAGRAM):    data EMWS1.Impt_RESULT;
30630      label NAME = "%sysfunc(sasmsg(sashelp.dmine, meta_name_vlabel,        NOQUOTE))" METHOD = "%sysfunc(sasmsg(sashelp.dmine, rpt_imputemethod_vlabel, NOQUOTE))" IMPUTED = "%sysfunc(sasmsg(sashelp.dmine, rpt_imputedvar_vlabel,   NOQUOTE))" INDICATOR
30630    !  =
30631         "%sysfunc(sasmsg(sashelp.dmine, rpt_indicatorvar_vlabel, NOQUOTE))" VALUE = "%sysfunc(sasmsg(sashelp.dmine, rpt_imputevalue_vlabel,  NOQUOTE))" ROLE = "%sysfunc(sasmsg(sashelp.dmine, meta_role_vlabel,        NOQUOTE))" LEVEL =
30632         "%sysfunc(sasmsg(sashelp.dmine, meta_level_vlabel,       NOQUOTE))" LABEL = "%sysfunc(sasmsg(sashelp.dmine, meta_label_vlabel,       NOQUOTE))" TRAIN = "%sysfunc(sasmsg(sashelp.dmine, rpt_missingcount_vlabel, NOQUOTE, TRAIN))";
MPRINT(EM_DIAGRAM):   label NAME = "Variable Name" METHOD = "Impute Method" IMPUTED = "Imputed Variable" INDICATOR = "Indicator Variable" VALUE = "Impute Value" ROLE = "Role" LEVEL = "Measurement Level" LABEL = "Label" TRAIN = "Number of Missing for 
TRAIN";
30633      set EMWS1.Impt_META(where=(IMPUTED ne '') keep=NAME METHOD IMP VALUE ROLE NMISS LEVEL LABEL rename=(IMP=IMPUTED NMISS=TRAIN)) end=eof;
MPRINT(EM_DIAGRAM):   set EMWS1.Impt_META(where=(IMPUTED ne '') keep=NAME METHOD IMP VALUE ROLE NMISS LEVEL LABEL rename=(IMP=IMPUTED NMISS=TRAIN)) end=eof;
30634      if eof then call symput('_nimpute', '1');
MPRINT(EM_DIAGRAM):   if eof then call symput('_nimpute', '1');
30635      run;
MPRINT(EM_DIAGRAM):   run;

NOTE: Variable INDICATOR is uninitialized.
NOTE: There were 6 observations read from the data set EMWS1.IMPT_META.
      WHERE IMPUTED not = ' ';
NOTE: The data set EMWS1.IMPT_RESULT has 6 observations and 8 variables.
NOTE: DATA statement used (Total process time):
      real time           0.12 seconds
      cpu time            0.04 seconds
      

30636      proc print data=EMWS1.Impt_RESULT(obs=500) label noobs;
MPRINT(EM_DIAGRAM):    proc print data=EMWS1.Impt_RESULT(obs=500) label noobs;
30637      title9 "%sysfunc(sasmsg(sashelp.dmine, rpt_imputationsummary_title, NOQUOTE))";
MPRINT(EM_DIAGRAM):   title9 "Imputation Summary";
30638      title10 "%sysfunc(sasmsg(sashelp.dmine, rpt_numberobs_title,         NOQUOTE))";
MPRINT(EM_DIAGRAM):   title10 "Number Of Observations";
MPRINT(EM_DIAGRAM):   run;
30639      run;

NOTE: There were 6 observations read from the data set EMWS1.IMPT_RESULT.
NOTE: The PROCEDURE PRINT printed page 2.
NOTE: PROCEDURE PRINT used (Total process time):
      real time           0.04 seconds
      cpu time            0.00 seconds
      

30640      proc freq data=EMWS1.Impt_RESULT noprint;
MPRINT(EM_DIAGRAM):    proc freq data=EMWS1.Impt_RESULT noprint;
30641      table train /out=WORK.ImptSUMMARY nocum;
MPRINT(EM_DIAGRAM):   table train /out=WORK.ImptSUMMARY nocum;
30642      run;
MPRINT(EM_DIAGRAM):   run;

NOTE: There were 6 observations read from the data set EMWS1.IMPT_RESULT.
NOTE: The data set WORK.IMPTSUMMARY has 5 observations and 3 variables.
NOTE: PROCEDURE FREQ used (Total process time):
      real time           0.03 seconds
      cpu time            0.01 seconds
      

30643      proc sort data=WORK.ImptSUMMARY NOTHREADS;
MPRINT(EM_DIAGRAM):   proc sort data=WORK.ImptSUMMARY NOTHREADS;
30644      by descending TRAIN;
MPRINT(EM_DIAGRAM):   by descending TRAIN;
30645      run;
MPRINT(EM_DIAGRAM):   run;

NOTE: There were 5 observations read from the data set WORK.IMPTSUMMARY.
NOTE: The data set WORK.IMPTSUMMARY has 5 observations and 3 variables.
NOTE: PROCEDURE SORT used (Total process time):
      real time           0.01 seconds
      cpu time            0.01 seconds
      

30646      proc print data=WORK.ImptSUMMARY(obs=100) label;
MPRINT(EM_DIAGRAM):   proc print data=WORK.ImptSUMMARY(obs=100) label;
30647      label COUNT = "%sysfunc(sasmsg(sashelp.dmine, rpt_varcount_vlabel,  NOQUOTE))" PERCENT = "%sysfunc(sasmsg(sashelp.dmine, rpt_varpercent_vlabel,  NOQUOTE))";
MPRINT(EM_DIAGRAM):   label COUNT = "Number of Variables" PERCENT = "Percent of Variables";
30648      title9 ' ';
MPRINT(EM_DIAGRAM):   title9 ' ';
30649      title10 "%sysfunc(sasmsg(sashelp.dmine, rpt_missingvardistribution_title, NOQUOTE))";
MPRINT(EM_DIAGRAM):   title10 "Variable Distribution Training Data";
MPRINT(EM_DIAGRAM):   run;
30650      run;

NOTE: There were 5 observations read from the data set WORK.IMPTSUMMARY.
NOTE: The PROCEDURE PRINT printed page 3.
NOTE: PROCEDURE PRINT used (Total process time):
      real time           0.01 seconds
      cpu time            0.01 seconds
      

30651      data EMWS1.Impt_EMSCOREVAR;
MPRINT(EM_DIAGRAM):    data EMWS1.Impt_EMSCOREVAR;
30652      length Name $32 formula $70 file $200;
MPRINT(EM_DIAGRAM):   length Name $32 formula $70 file $200;
30653      keep NAME Formula file;
MPRINT(EM_DIAGRAM):   keep NAME Formula file;
30654      if _N_=1 then do;
MPRINT(EM_DIAGRAM):   if _N_=1 then do;
30655      file = "IMPUTECODE\"!!"_POSTALL_.sas";
MPRINT(EM_DIAGRAM):   file = "IMPUTECODE\"!!"_POSTALL_.sas";
30656      output;
MPRINT(EM_DIAGRAM):   output;
30657      end;
MPRINT(EM_DIAGRAM):   end;
30658      set EMWS1.Impt_META end=eof;
MPRINT(EM_DIAGRAM):   set EMWS1.Impt_META end=eof;
30659      *set EMWS1.Impt_RESULT end=eof;
MPRINT(EM_DIAGRAM):   *set EMWS1.Impt_RESULT end=eof;
30660      if M ne '' then do;
MPRINT(EM_DIAGRAM):   if M ne '' then do;
30661      NAME= M;
MPRINT(EM_DIAGRAM):   NAME= M;
30662      file="IMPUTECODE\"!!strip(NAME)!!'.sas';
MPRINT(EM_DIAGRAM):   file="IMPUTECODE\"!!strip(NAME)!!'.sas';
30663      output;
MPRINT(EM_DIAGRAM):   output;
30664      end;
MPRINT(EM_DIAGRAM):   end;
30665      if IMP ne '' then do;
MPRINT(EM_DIAGRAM):   if IMP ne '' then do;
30666      NAME= IMP;
MPRINT(EM_DIAGRAM):   NAME= IMP;
30667      file="IMPUTECODE\"!!strip(NAME)!!'.sas';
MPRINT(EM_DIAGRAM):   file="IMPUTECODE\"!!strip(NAME)!!'.sas';
30668      output;
MPRINT(EM_DIAGRAM):   output;
30669      end;
MPRINT(EM_DIAGRAM):   end;
30670      run;
MPRINT(EM_DIAGRAM):   run;

NOTE: Variable formula is uninitialized.
NOTE: There were 48 observations read from the data set EMWS1.IMPT_META.
NOTE: The data set EMWS1.IMPT_EMSCOREVAR has 55 observations and 3 variables.
NOTE: DATA statement used (Total process time):
      real time           0.10 seconds
      cpu time            0.01 seconds
      

MPRINT(EM_DIAGRAM):    proc printto;
MPRINT(EM_DIAGRAM):   run;
