NOTE: PROCEDURE PRINTTO used (Total process time):
      real time           0.03 seconds
      cpu time            0.00 seconds
      

NOTE: 1554204 kilobytes of physical memory.
NOTE: The subtree sequence contains 12 subtrees. The largest has 23 nodes and 12 leaves.
NOTE: Will use 10654 out of 10654 training cases.
NOTE: Using memory pool with 776928256 bytes.
NOTE: View EMWS1.REPL_VALIDATE.VIEW used (Total process time):
      real time           0.07 seconds
      cpu time            0.04 seconds
      
NOTE: There were 8718 observations read from the data set EMWS1.PART_VALIDATE.
NOTE: The subtree sequence contains 12 subtrees. The largest has 23 nodes and 12 leaves.
NOTE: Using subtree with 23 nodes and 12 leaves.
NOTE: Created macro variable NLEAVES equal to 12.
NOTE: The data set EMWS1.TREE2_OUTIMPORT has 47 observations and 6 variables.
NOTE: The data set EMWS1.TREE2_EMTREE has 1118 observations and 4 variables.
NOTE: The data set EMWS1.TREE2_OUTNODES has 23 observations and 24 variables.
NOTE: The data set EMWS1.TREE2_OUTPATH has 122 observations and 7 variables.
NOTE: The data set EMWS1.TREE2_OUTRULES has 230 observations and 6 variables.
NOTE: The data set EMWS1.TREE2_OUTSEQ has 12 observations and 28 variables.
NOTE: The data set EMWS1.TREE2_OUTSTATS has 391 observations and 5 variables.
NOTE: The data set EMWS1.TREE2_OUTSUMMARY has 48 observations and 7 variables.
NOTE: The data set EMWS1.TREE2_OUTTOPOLOGY has 23 observations and 5 variables.
NOTE: External file J:\JMMORR01\CIS 445\Tutorial 1\Charity\Workspaces\EMWS1\Tree2\TREEFLOW.sas opened.
NOTE: External file J:\JMMORR01\CIS 445\Tutorial 1\Charity\Workspaces\EMWS1\Tree2\TREEPUBLISH.sas opened.
NOTE: View EMWS1.REPL_TRAIN.VIEW used (Total process time):
      real time           0.07 seconds
      cpu time            0.07 seconds
      
NOTE: The data set WORK.FIT_TRAIN has 1 observations and 14 variables.
NOTE: There were 10654 observations read from the data set EMWS1.PART_TRAIN.
NOTE: View EMWS1.REPL_VALIDATE.VIEW used (Total process time):
      real time           0.06 seconds
      cpu time            0.06 seconds
      
NOTE: The data set WORK.FIT_VALID has 1 observations and 12 variables.
NOTE: There were 8718 observations read from the data set EMWS1.PART_VALIDATE.


NOTE: View EMWS1.REPL_TRAIN.VIEW used (Total process time):
      real time           1.65 seconds
      cpu time            0.71 seconds
      
NOTE: There were 10654 observations read from the data set EMWS1.PART_TRAIN.
NOTE: There were 10654 observations read from the data set EMWS1.REPL_TRAIN.
NOTE: The data set WORK._NAMEDAT has 2 observations and 5 variables.
NOTE: PROCEDURE ARBOR used (Total process time):
      real time           1.70 seconds
      cpu time            0.73 seconds
      


NOTE: There were 1 observations read from the data set EMWS1.TREE2_VARIABLESET.
      WHERE ROLE='TARGET';
NOTE: The data set WORK.TEMPTARGET has 1 observations and 21 variables.
NOTE: DATA statement used (Total process time):
      real time           0.01 seconds
      cpu time            0.01 seconds
      


NOTE: There were 1 observations read from the data set WORK.FIT_TRAIN.
NOTE: There were 1 observations read from the data set WORK.FIT_VALID.
NOTE: The data set EMWS1.TREE2_EMOUTFIT has 1 observations and 24 variables.
NOTE: DATA statement used (Total process time):
      real time           0.09 seconds
      cpu time            0.01 seconds
      


NOTE: Deleting WORK.FIT_VALID (memtype=DATA).

NOTE: PROCEDURE DATASETS used (Total process time):
      real time           0.01 seconds
      cpu time            0.00 seconds
      


NOTE: Variable cvimportance is uninitialized.
NOTE: Variable nsurrogates is uninitialized.
NOTE: There were 2 observations read from the data set EMWS1.TREE2_OUTIMPORT.
NOTE: DATA statement used (Total process time):
      real time           0.03 seconds
      cpu time            0.00 seconds
      


NOTE: There were 8 observations read from the data set EMWS1.TREE2_OUTIMPORT.
      WHERE nrules>0;
NOTE: The PROCEDURE PRINT printed page 1.
NOTE: PROCEDURE PRINT used (Total process time):
      real time           0.03 seconds
      cpu time            0.03 seconds
      


NOTE: There were 122 observations read from the data set EMWS1.TREE2_OUTPATH.
NOTE: The data set WORK.TEMPOUTPATH has 122 observations and 8 variables.
NOTE: DATA statement used (Total process time):
      real time           0.01 seconds
      cpu time            0.00 seconds
      


NOTE: There were 2 observations read from the data set EMWS1.IDS_TARGET_B_DM.
      WHERE _TYPE_='PREDICTED';
NOTE: DATA statement used (Total process time):
      real time           0.01 seconds
      cpu time            0.01 seconds
      


NOTE: There were 2 observations read from the data set EMWS1.TREE2_OUTNODES.
NOTE: DATA statement used (Total process time):
      real time           0.03 seconds
      cpu time            0.01 seconds
      


NOTE: There were 122 observations read from the data set WORK.TEMPOUTPATH.
NOTE: The data set WORK.TEMPOUTPATH has 122 observations and 8 variables.
NOTE: PROCEDURE SORT used (Total process time):
      real time           0.01 seconds
      cpu time            0.01 seconds
      


NOTE: There were 23 observations read from the data set EMWS1.TREE2_OUTNODES.
NOTE: The data set WORK.OUTNODES has 23 observations and 24 variables.
NOTE: PROCEDURE SORT used (Total process time):
      real time           0.03 seconds
      cpu time            0.00 seconds
      


NOTE: There were 122 observations read from the data set WORK.TEMPOUTPATH.
NOTE: There were 23 observations read from the data set WORK.OUTNODES.
NOTE: The data set WORK.TEMPOUTPATH has 122 observations and 11 variables.
NOTE: DATA statement used (Total process time):
      real time           0.01 seconds
      cpu time            0.00 seconds
      


NOTE: There were 122 observations read from the data set WORK.TEMPOUTPATH.
NOTE: The data set WORK.TEMPOUTPATH has 122 observations and 11 variables.
NOTE: PROCEDURE SORT used (Total process time):
      real time           0.01 seconds
      cpu time            0.01 seconds
      


NOTE: Numeric values have been converted to character values at the places given by: (Line):(Column).
      218:176   228:190   374:191   381:195   
NOTE: The file X is:
      Filename=J:\JMMORR01\CIS 445\Tutorial 1\Charity\Workspaces\EMWS1\Tree2\ENGLISHRULES.txt,
      RECFM=V,LRECL=131068,File Size (bytes)=0,
      Last Modified=20Oct2018:16:07:46,
      Create Time=20Oct2018:16:07:46

NOTE: 158 records were written to the file X.
      The minimum record length was 1.
      The maximum record length was 62.
NOTE: There were 122 observations read from the data set WORK.TEMPOUTPATH.
NOTE: DATA statement used (Total process time):
      real time           0.03 seconds
      cpu time            0.01 seconds
      


NOTE: Deleting WORK.TEMPOUTPATH (memtype=DATA).
NOTE: Deleting WORK.OUTNODES (memtype=DATA).

NOTE: PROCEDURE DATASETS used (Total process time):
      real time           0.03 seconds
      cpu time            0.01 seconds
      


NOTE: The data set WORK.EM_USER_REPORT has 132 observations and 4 variables.
NOTE: DATA statement used (Total process time):
      real time           0.03 seconds
      cpu time            0.03 seconds
      

NOTE: Fileref X has been deassigned.

