MPRINT(EM_DIAGRAM):    data _null_;
MPRINT(EM_DIAGRAM):   call symput('NLDATE', strip(put(date(), NLDATE.)));
MPRINT(EM_DIAGRAM):   call symput('NLTIME', strip(put(datetime(), NLTIME.)));
MPRINT(EM_DIAGRAM):   run;
MPRINT(EM_DIAGRAM):   data _null_;
MPRINT(EM_DIAGRAM):   nldate= sasmsg("sashelp.dmine", "log_date_note", 'N', "October 20, 2018" );
MPRINT(EM_DIAGRAM):   nltime= sasmsg("sashelp.dmine", "log_time_note", 'N', "16:34:25" );
MPRINT(EM_DIAGRAM):   put "*------------------------------------------------------------*";
MPRINT(EM_DIAGRAM):   put "* Training Log";
MPRINT(EM_DIAGRAM):   put nldate;
MPRINT(EM_DIAGRAM):   put nltime;
MPRINT(EM_DIAGRAM):   put "*------------------------------------------------------------*";
MPRINT(EM_DIAGRAM):   run;
*------------------------------------------------------------*
* Training Log
Date:                October 20, 2018
Time:                16:34:25
*------------------------------------------------------------*
MPRINT(EM_DIAGRAM):    filename O0N_6O33 "J:\JMMORR01\CIS 445\Tutorial 1\Charity\Workspaces\EMWS1\Neural\EMTRAIN.out" encoding="UTF-8" NOBOM;
MPRINT(EM_DIAGRAM):   proc printto print=O0N_6O33 new;
MPRINT(EM_DIAGRAM):   run;
MPRINT(EM_DIAGRAM):    filename _LOG "J:\JMMORR01\CIS 445\Tutorial 1\Charity\Workspaces\EMWS1\Neural\EMLOG.log" encoding="UTF-8" NOBOM;
MPRINT(EM_DIAGRAM):    data _null_;
MPRINT(EM_DIAGRAM):   call symput('NLDATE', strip(put(date(), NLDATE.)));
MPRINT(EM_DIAGRAM):   call symput('NLTIME', strip(put(datetime(), NLTIME.)));
MPRINT(EM_DIAGRAM):   run;
MPRINT(EM_DIAGRAM):   data _null_;
MPRINT(EM_DIAGRAM):   nldate= sasmsg("sashelp.dmine", "log_date_note", 'N', "October 20, 2018" );
MPRINT(EM_DIAGRAM):   nltime= sasmsg("sashelp.dmine", "log_time_note", 'N', "16:34:25" );
MPRINT(EM_DIAGRAM):   file _LOG;
MPRINT(EM_DIAGRAM):   put "*------------------------------------------------------------*";
MPRINT(EM_DIAGRAM):   put "User:                jmmorr01";
MPRINT(EM_DIAGRAM):   put nldate;
MPRINT(EM_DIAGRAM):   put nltime;
MPRINT(EM_DIAGRAM):   put "Site:                70080761";
MPRINT(EM_DIAGRAM):   put "Platform:            X64_8PRO";
MPRINT(EM_DIAGRAM):   put "Maintenance Release: 9.04.01M3P062415";
MPRINT(EM_DIAGRAM):   put "EM Version:          14.1";
MPRINT(EM_DIAGRAM):   put "* ";
MPRINT(EM_DIAGRAM):   run;
MPRINT(EM_DIAGRAM):    filename _LOGIN "J:\JMMORR01\CIS 445\Tutorial 1\Charity\Workspaces\EMWS1\Neural\EMTRAIN.log" encoding="UTF-8" NOBOM;
MPRINT(EM_COPYFILE):   data _null_;
MPRINT(EM_COPYFILE):   length line $20000;
MPRINT(EM_COPYFILE):   file _LOG MOD lrecl=20000;
MPRINT(EM_COPYFILE):   fid=fopen("_LOGIN",'i',20000,'v');
MPRINT(EM_COPYFILE):   if fid > 0 then do;
MPRINT(EM_COPYFILE):   do while(^fread(fid));
MPRINT(EM_COPYFILE):   rlen = frlen(fid);
MPRINT(EM_COPYFILE):   rc= fget(fid,line,20000);
MPRINT(EM_COPYFILE):   start = length(line)-length(left(line))+1;
MPRINT(EM_COPYFILE):   line=strip(line);
MPRINT(EM_COPYFILE):   put @start line;
MPRINT(EM_COPYFILE):   end;
MPRINT(EM_COPYFILE):   if fid > 0 then rc=fclose(fid);
MPRINT(EM_COPYFILE):   end;
MPRINT(EM_COPYFILE):   run;
MPRINT(EM_DIAGRAM):  ;
MPRINT(EM_DIAGRAM):   filename _LOGIN;
MPRINT(EM_DIAGRAM):    data _null_;
MPRINT(EM_DIAGRAM):   file _LOG mod;
MPRINT(EM_DIAGRAM):   put _page_;
MPRINT(EM_DIAGRAM):   run;
MPRINT(EM_DIAGRAM):   filename _LOGIN "J:\JMMORR01\CIS 445\Tutorial 1\Charity\Workspaces\EMWS1\Neural\EMSCORE.log" encoding="UTF-8" NOBOM;
MPRINT(EM_DIAGRAM):  ;
MPRINT(EM_DIAGRAM):   data _null_;
MPRINT(EM_DIAGRAM):   file _LOG mod;
MPRINT(EM_DIAGRAM):   put _page_;
MPRINT(EM_DIAGRAM):   run;
MPRINT(EM_DIAGRAM):    filename _LOGIN "J:\JMMORR01\CIS 445\Tutorial 1\Charity\Workspaces\EMWS1\Neural\EMREPORT.log" encoding="UTF-8" NOBOM;
MPRINT(EM_DIAGRAM):  ;
MPRINT(EM_DIAGRAM):   filename _LOGIN;
MPRINT(EM_DIAGRAM):    filename _LOG;
MPRINT(EM_DIAGRAM):    filename _OUT "J:\JMMORR01\CIS 445\Tutorial 1\Charity\Workspaces\EMWS1\Neural\EMOUTPUT.out" encoding="UTF-8" NOBOM;
MPRINT(EM_DIAGRAM):    data _null_;
MPRINT(EM_DIAGRAM):   call symput('NLDATE', strip(put(date(), NLDATE.)));
MPRINT(EM_DIAGRAM):   call symput('NLTIME', strip(put(datetime(), NLTIME.)));
MPRINT(EM_DIAGRAM):   run;
MPRINT(EM_DIAGRAM):   data _null_;
MPRINT(EM_DIAGRAM):   nldate= sasmsg("sashelp.dmine", "log_date_note", 'N', "October 20, 2018" );
MPRINT(EM_DIAGRAM):   nltime= sasmsg("sashelp.dmine", "log_time_note", 'N', "16:34:26" );
MPRINT(EM_DIAGRAM):   file _OUT;
MPRINT(EM_DIAGRAM):   put "*------------------------------------------------------------*";
MPRINT(EM_DIAGRAM):   put "User:                jmmorr01";
MPRINT(EM_DIAGRAM):   put nldate;
MPRINT(EM_DIAGRAM):   put nltime;
MPRINT(EM_DIAGRAM):   put "*------------------------------------------------------------*";
MPRINT(EM_DIAGRAM):   put "* Training Output";
MPRINT(EM_DIAGRAM):   put "*------------------------------------------------------------*";
MPRINT(EM_DIAGRAM):   run;
MPRINT(EM_DIAGRAM):    filename _OUTIN "J:\JMMORR01\CIS 445\Tutorial 1\Charity\Workspaces\EMWS1\Neural\EMTRAIN.out" encoding="UTF-8" NOBOM;
MPRINT(EM_DIAGRAM):   ;
MPRINT(EM_COPYFILE):   data _null_;
MPRINT(EM_COPYFILE):   length line $20000;
MPRINT(EM_COPYFILE):   file _OUT MOD lrecl=20000;
MPRINT(EM_COPYFILE):   fid=fopen("_OUTIN",'i',20000,'v');
MPRINT(EM_COPYFILE):   if fid > 0 then do;
MPRINT(EM_COPYFILE):   do while(^fread(fid));
MPRINT(EM_COPYFILE):   rlen = frlen(fid);
MPRINT(EM_COPYFILE):   rc= fget(fid,line,20000);
MPRINT(EM_COPYFILE):   start = length(line)-length(left(line))+1;
MPRINT(EM_COPYFILE):   line=strip(line);
MPRINT(EM_COPYFILE):   put @start line;
MPRINT(EM_COPYFILE):   end;
MPRINT(EM_COPYFILE):   if fid > 0 then rc=fclose(fid);
MPRINT(EM_COPYFILE):   end;
MPRINT(EM_COPYFILE):   run;
MPRINT(EM_DIAGRAM):  ;
MPRINT(EM_DIAGRAM):   filename _OUTIN;
MPRINT(EM_DIAGRAM):    data _null_;
MPRINT(EM_DIAGRAM):   file _OUT mod;
MPRINT(EM_DIAGRAM):   put _page_;
MPRINT(EM_DIAGRAM):   put // "*------------------------------------------------------------*";
MPRINT(EM_DIAGRAM):   put "* Score Output";
MPRINT(EM_DIAGRAM):   put "*------------------------------------------------------------*";
MPRINT(EM_DIAGRAM):   run;
MPRINT(EM_DIAGRAM):    filename _OUTIN "J:\JMMORR01\CIS 445\Tutorial 1\Charity\Workspaces\EMWS1\Neural\EMSCORE.out" encoding="UTF-8" NOBOM;
MPRINT(EM_DIAGRAM):  ;
MPRINT(EM_DIAGRAM):   filename _OUTIN;
MPRINT(EM_DIAGRAM):    data _null_;
MPRINT(EM_DIAGRAM):   file _OUT mod;
MPRINT(EM_DIAGRAM):   put _page_;
MPRINT(EM_DIAGRAM):   put // "*------------------------------------------------------------*";
MPRINT(EM_DIAGRAM):   put "* Report Output";
MPRINT(EM_DIAGRAM):   put "*------------------------------------------------------------*";
MPRINT(EM_DIAGRAM):   run;
MPRINT(EM_DIAGRAM):    filename _OUTIN "J:\JMMORR01\CIS 445\Tutorial 1\Charity\Workspaces\EMWS1\Neural\EMREPORT.out" encoding="UTF-8" NOBOM;
MPRINT(EM_DIAGRAM):  ;
MPRINT(EM_DIAGRAM):   filename _OUTIN;
MPRINT(EM_DIAGRAM):    filename _OUT;
MPRINT(EM_DIAGRAM):    filename _emtool_ 'J:\JMMORR01\CIS 445\Tutorial 1\Charity\Workspaces\EMWS1\Neural\EMRUNSTATUS.xml' encoding="UTF-8" NOBOM;
MPRINT(EM_DIAGRAM):    filename _emtool_ 'J:\JMMORR01\CIS 445\Tutorial 1\Charity\Workspaces\EMWS1\Neural\EMRUNSTATUS.xml' encoding="UTF-8" NOBOM;
21653      proc freq data=EMWS1.Neural_VariableSet noprint;
MPRINT(EM_DIAGRAM):    proc freq data=EMWS1.Neural_VariableSet noprint;
21654      table ROLE*LEVEL/out=WORK.NeuralMETA;
MPRINT(EM_DIAGRAM):   table ROLE*LEVEL/out=WORK.NeuralMETA;
21655      run;
MPRINT(EM_DIAGRAM):   run;

NOTE: There were 11 observations read from the data set EMWS1.NEURAL_VARIABLESET.
NOTE: The data set WORK.NEURALMETA has 4 observations and 4 variables.
NOTE: PROCEDURE FREQ used (Total process time):
      real time           0.07 seconds
      cpu time            0.03 seconds
      

21656      proc print data=WORK.NeuralMETA label noobs;
MPRINT(EM_DIAGRAM):   proc print data=WORK.NeuralMETA label noobs;
21657      var ROLE LEVEL COUNT;
MPRINT(EM_DIAGRAM):   var ROLE LEVEL COUNT;
21658      label ROLE = "%sysfunc(sasmsg(sashelp.dmine, meta_role_vlabel, NOQUOTE))" LEVEL = "%sysfunc(sasmsg(sashelp.dmine, meta_level_vlabel, NOQUOTE))" COUNT = "%sysfunc(sasmsg(sashelp.dmine, rpt_count_vlabel, NOQUOTE))";
MPRINT(EM_DIAGRAM):   label ROLE = "Role" LEVEL = "Measurement Level" COUNT = "Frequency Count";
21659      title9 ' ';
MPRINT(EM_DIAGRAM):   title9 ' ';
21660      title10 "%sysfunc(sasmsg(sashelp.dmine, rpt_varSummary_title  , NOQUOTE))";
MPRINT(EM_DIAGRAM):   title10 "Variable Summary";
MPRINT(EM_DIAGRAM):   run;
21661      run;

NOTE: There were 4 observations read from the data set WORK.NEURALMETA.
NOTE: The PROCEDURE PRINT printed page 1.
NOTE: PROCEDURE PRINT used (Total process time):
      real time           0.01 seconds
      cpu time            0.01 seconds
      

21662      title10;
MPRINT(EM_DIAGRAM):   title10;
21663      %let EMNORLEN = %DMNORLEN;
MPRINT(EM_DIAGRAM):   
EMWS1.Varsel_TRAIN EMWS1.Varsel_TRAIN 
EMWS1.Varsel_TRAIN EMWS1.Varsel_TRAIN EMWS1 Varsel_TRAIN 
EMWS1.Varsel_TRAIN EMWS1.Varsel_TRAIN 
EMWS1.Varsel_TRAIN EMWS1.Varsel_TRAIN EMWS1 Varsel_TRAIN 
MPRINT(EM_DIAGRAM):    proc dmdb data=EMWS1.Varsel_TRAIN classout=WORK._DMDBCLASSTARGET(keep=NAME NRAW CRAW LEVEL FREQUENCY NMISSPERCENT);
MPRINT(EM_DIAGRAM):   class TARGET_B(DESC) ;
MPRINT(EM_DIAGRAM):   run;
Executing  SASHELP.EMCORE.EMINFOITERATOR.SCL _INIT >> 
Executing  SASHELP.EMCORE.EMINFOITERATOR.SCL setMetaData >> 
Executing  SASHELP.EMCORE.EMINFOITERATOR.SCL next >> 
Executing  SASHELP.EMCORE.EMINFOITERATOR.SCL next >> 
Executing  SASHELP.EMCORE.EMINFOITERATOR.SCL setMetaData >> 
Executing  SASHELP.EMCORE.EMINFOITERATOR.SCL next >> 
Executing  SASHELP.EMCORE.EMINFOITERATOR.SCL next >> 
Executing  SASHELP.EMCORE.EMINFOITERATOR.SCL _term >> 
MPRINT(EM_DIAGRAM):    data _null_;
MPRINT(EM_DIAGRAM):   set WORK._DMDBCLASSTARGET;
MPRINT(EM_DIAGRAM):   where ^(NRAW eq . and CRAW eq '') and NAME="TARGET_B";
MPRINT(EM_DIAGRAM):   if _N_=1 then call symput('_newevent', strip(LEVEL));
MPRINT(EM_DIAGRAM):   run;
MPRINT(EM_DIAGRAM):   proc sort data=WORK._DMDBCLASSTARGET out=_TEMPCLASS(keep=LEVEL FREQUENCY NMISSPERCENT rename=(LEVEL=TARGET_B));
MPRINT(EM_DIAGRAM):   by LEVEL;
MPRINT(EM_DIAGRAM):   where ^(NRAW eq . and CRAW eq '') and NAME="TARGET_B";
MPRINT(EM_DIAGRAM):   run;
MPRINT(EM_DIAGRAM):   data _TEMPCLASS;
MPRINT(EM_DIAGRAM):   set _TEMPCLASS;
MPRINT(EM_DIAGRAM):   NMISSPERCENT= NMISSPERCENT/100;
MPRINT(EM_DIAGRAM):   run;
MPRINT(EM_DIAGRAM):    proc sort data=EMWS1.Ids_TARGET_B_DD out=_sortedDecdata;
MPRINT(EM_DIAGRAM):   by TARGET_B;
MPRINT(EM_DIAGRAM):   run;
MPRINT(EM_DIAGRAM):   data _null_;
MPRINT(EM_DIAGRAM):   merge _TEMPCLASS(in=_a) _sortedDecdata(in=_b);
MPRINT(EM_DIAGRAM):   by TARGET_B;
MPRINT(EM_DIAGRAM):   if (_a and ^_b) or (^_a and _b) then call symput('_emresetDec', '1');
MPRINT(EM_DIAGRAM):   run;
21692      data WORK.Neural_EVENT(KEEP=VARIABLE LABEL LEVEL EVENT NUMLEVELS ORDER);
MPRINT(EM_DIAGRAM):    data WORK.Neural_EVENT(KEEP=VARIABLE LABEL LEVEL EVENT NUMLEVELS ORDER);
21693      length ORDER $20;
MPRINT(EM_DIAGRAM):   length ORDER $20;
21694      label VARIABLE = "%sysfunc(sasmsg(sashelp.dmine, rpt_target_vlabel,  NOQUOTE))" EVENT = "%sysfunc(sasmsg(sashelp.dmine, assmt_event_vlabel, NOQUOTE))" NUMLEVELS = "%sysfunc(sasmsg(sashelp.dmine, rpt_numcat_vlabel, NOQUOTE))" LEVEL =
21695         "%sysfunc(sasmsg(sashelp.dmine, meta_level_vlabel, NOQUOTE))" ORDER = "%sysfunc(sasmsg(sashelp.dmine, meta_order_vlabel, NOQUOTE))" LABEL = "%sysfunc(sasmsg(sashelp.dmine, meta_label_vlabel, NOQUOTE))";
MPRINT(EM_DIAGRAM):   label VARIABLE = "Target" EVENT = "Event" NUMLEVELS = "Number of Levels" LEVEL = "Measurement Level" ORDER = "Order" LABEL = "Label";
21696      set EMWS1.IDS_TARGET_B_DM( where=(_TYPE_="TARGET"));
MPRINT(EM_DIAGRAM):   set EMWS1.IDS_TARGET_B_DM( where=(_TYPE_="TARGET"));
21697      NumLevels=2;
MPRINT(EM_DIAGRAM):   NumLevels=2;
21698      select(upcase(ORDER));
MPRINT(EM_DIAGRAM):   select(upcase(ORDER));
21699      when('DESC') ORDER = 'Descending';
MPRINT(EM_DIAGRAM):   when('DESC') ORDER = 'Descending';
21700      when('ASC') ORDER = 'Ascending';
MPRINT(EM_DIAGRAM):   when('ASC') ORDER = 'Ascending';
21701      when('FMTDESC') ORDER = 'Formatted Descending';
MPRINT(EM_DIAGRAM):   when('FMTDESC') ORDER = 'Formatted Descending';
21702      when('FMTASC') ORDER = 'Formatted Ascending';
MPRINT(EM_DIAGRAM):   when('FMTASC') ORDER = 'Formatted Ascending';
21703      otherwise ORDER = 'Descending';
MPRINT(EM_DIAGRAM):   otherwise ORDER = 'Descending';
21704      end;
MPRINT(EM_DIAGRAM):   end;
21705      output;
MPRINT(EM_DIAGRAM):   output;
21706      run;
MPRINT(EM_DIAGRAM):   run;

NOTE: There were 1 observations read from the data set EMWS1.IDS_TARGET_B_DM.
      WHERE _TYPE_='TARGET';
NOTE: The data set WORK.NEURAL_EVENT has 1 observations and 6 variables.
NOTE: DATA statement used (Total process time):
      real time           0.04 seconds
      cpu time            0.04 seconds
      

21707      title9 ' ';
MPRINT(EM_DIAGRAM):   title9 ' ';
21708      proc print data=WORK.Neural_EVENT noobs label;
MPRINT(EM_DIAGRAM):   proc print data=WORK.Neural_EVENT noobs label;
21709      var VARIABLE EVENT LEVEL NUMLEVELS ORDER LABEL;
MPRINT(EM_DIAGRAM):   var VARIABLE EVENT LEVEL NUMLEVELS ORDER LABEL;
21710      title9 ' ';
MPRINT(EM_DIAGRAM):   title9 ' ';
21711      title10 "%sysfunc(sasmsg(sashelp.dmine, rpt_modelEvent_title  , NOQUOTE))";
MPRINT(EM_DIAGRAM):   title10 "Model Events";
MPRINT(EM_DIAGRAM):   run;
21712      run;

NOTE: There were 1 observations read from the data set WORK.NEURAL_EVENT.
NOTE: The PROCEDURE PRINT printed page 2.
NOTE: PROCEDURE PRINT used (Total process time):
      real time           0.01 seconds
      cpu time            0.01 seconds
      

21713      title10;
MPRINT(EM_DIAGRAM):   title10;
21714      proc print data = EMWS1.Ids_TARGET_B_DD noobs label;
MPRINT(EM_DIAGRAM):    proc print data = EMWS1.Ids_TARGET_B_DD noobs label;
21715      var TARGET_B
21716      TRAINPRIOR
21717      DECISION1
21718      DECISION2
21719      DECPRIOR
21720      ;
MPRINT(EM_DIAGRAM):   var TARGET_B TRAINPRIOR DECISION1 DECISION2 DECPRIOR ;
21721      title9 ' ';
MPRINT(EM_DIAGRAM):   title9 ' ';
21722      title10 "Decision Matrix and Prior Vector";
MPRINT(EM_DIAGRAM):   title10 "Decision Matrix and Prior Vector";
MPRINT(EM_DIAGRAM):   run;
21723      run;

NOTE: There were 2 observations read from the data set EMWS1.IDS_TARGET_B_DD.
NOTE: The PROCEDURE PRINT printed page 3.
NOTE: PROCEDURE PRINT used (Total process time):
      real time           0.00 seconds
      cpu time            0.00 seconds
      

21724      title10;
MPRINT(EM_DIAGRAM):   title10;
21725      proc print data = EMWS1.Ids_TARGET_B_DM noobs label;
MPRINT(EM_DIAGRAM):   proc print data = EMWS1.Ids_TARGET_B_DM noobs label;
21726      var _type_ variable label;
MPRINT(EM_DIAGRAM):   var _type_ variable label;
21727      where _type_ ^in('MATRIX', 'DECISION', 'TRAINPRIOR', 'DATAPRIOR', 'DECPRIOR');
MPRINT(EM_DIAGRAM):   where _type_ ^in('MATRIX', 'DECISION', 'TRAINPRIOR', 'DATAPRIOR', 'DECPRIOR');
21728      label _TYPE_ = "%sysfunc(sasmsg(sashelp.dmine, rpt_type_vlabel,     NOQUOTE))" VARIABLE = "%sysfunc(sasmsg(sashelp.dmine, rpt_variable_vlabel, NOQUOTE))" LABEL = "%sysfunc(sasmsg(sashelp.dmine, meta_label_vlabel, NOQUOTE))";
MPRINT(EM_DIAGRAM):   label _TYPE_ = "Type" VARIABLE = "Variable" LABEL = "Label";
21729      title9 ' ';
MPRINT(EM_DIAGRAM):   title9 ' ';
21730      title10 "%sysfunc(sasmsg(sashelp.dmine, rpt_predDecVars_title  , NOQUOTE))";
MPRINT(EM_DIAGRAM):   title10 "Predicted and decision variables";
MPRINT(EM_DIAGRAM):   run;
21731      run;

NOTE: There were 11 observations read from the data set EMWS1.IDS_TARGET_B_DM.
      WHERE _type_ not in ('DATAPRIOR', 'DECISION', 'DECPRIOR', 'MATRIX', 'TRAINPRIOR');
NOTE: The PROCEDURE PRINT printed page 4.
NOTE: PROCEDURE PRINT used (Total process time):
      real time           0.01 seconds
      cpu time            0.01 seconds
      

21732      title10;
MPRINT(EM_DIAGRAM):   title10;
MPRINT(EM_DIAGRAM):    *------------------------------------------------------------*;
MPRINT(EM_DIAGRAM):   * Neural: Preparing metadata for training;
MPRINT(EM_DIAGRAM):   ;
MPRINT(EM_DIAGRAM):   *------------------------------------------------------------*;
MPRINT(EM_DIAGRAM):   data WORK.M1RTNTE6;
MPRINT(EM_DIAGRAM):   set WORK.M1RTNTE6;
MPRINT(EM_DIAGRAM):   where(use = 'Y' or (role = 'INPUT' and use = 'D'));
MPRINT(EM_DIAGRAM):   if (role = 'REJECTED') then role = 'INPUT';
MPRINT(EM_DIAGRAM):   run;
21742      data WORK.M1RTNTE6;
MPRINT(EM_DIAGRAM):    data WORK.M1RTNTE6;
21743      set WORK.M1RTNTE6 end=eof;
MPRINT(EM_DIAGRAM):   set WORK.M1RTNTE6 end=eof;
21744      output;
MPRINT(EM_DIAGRAM):   output;
21745      if eof then do;
MPRINT(EM_DIAGRAM):   if eof then do;
21746      NAME="";
MPRINT(EM_DIAGRAM):   NAME="";
21747      ROLE="COST";
MPRINT(EM_DIAGRAM):   ROLE="COST";
21748      LEVEL="INTERVAL";
MPRINT(EM_DIAGRAM):   LEVEL="INTERVAL";
21749      TYPE="N";
MPRINT(EM_DIAGRAM):   TYPE="N";
21750      output;
MPRINT(EM_DIAGRAM):   output;
21751      end;
MPRINT(EM_DIAGRAM):   end;
21752      run;
MPRINT(EM_DIAGRAM):   run;

NOTE: There were 11 observations read from the data set WORK.M1RTNTE6.
NOTE: The data set WORK.M1RTNTE6 has 12 observations and 21 variables.
NOTE: DATA statement used (Total process time):
      real time           0.01 seconds
      cpu time            0.01 seconds
      

NOTE: There were 2 observations read from the data set EMWS1.IDS_TARGET_B_DD.
NOTE: The data set WORK.TARGET_B has 2 observations and 7 variables.
NOTE: There were 2 observations read from the data set EMWS1.IDS_TARGET_B_DD.
NOTE: The data set WORK.TARGET_B has 2 observations and 7 variables.
21753      *------------------------------------------------------------*;
MPRINT(EM_DIAGRAM):    *------------------------------------------------------------*;
21754      * Neural: Create decision matrix;
MPRINT(EM_DIAGRAM):   * Neural: Create decision matrix;
21755      *------------------------------------------------------------*;
MPRINT(EM_DIAGRAM):   *------------------------------------------------------------*;
21756      data WORK.TARGET_B;
MPRINT(EM_DIAGRAM):   data WORK.TARGET_B;
21757        length   TARGET_B                         $  32
21758                 COUNT                                8
21759                 DATAPRIOR                            8
21760                 TRAINPRIOR                           8
21761                 DECPRIOR                             8
21762                 DECISION1                            8
21763                 DECISION2                            8
21764                 ;
MPRINT(EM_DIAGRAM):   length TARGET_B $ 32 COUNT 8 DATAPRIOR 8 TRAINPRIOR 8 DECPRIOR 8 DECISION1 8 DECISION2 8 ;
21765      
21766        label    COUNT="Level Counts"
21767                 DATAPRIOR="Data Proportions"
21768                 TRAINPRIOR="Training Proportions"
21769                 DECPRIOR="Decision Priors"
21770                 DECISION1="1"
21771                 DECISION2="0"
21772                 ;
MPRINT(EM_DIAGRAM):   label COUNT= "Level Counts" DATAPRIOR= "Data Proportions" TRAINPRIOR= "Training Proportions" DECPRIOR= "Decision Priors" DECISION1= "1" DECISION2= "0" ;
21773        format   COUNT 10.
21774                 ;
MPRINT(EM_DIAGRAM):   format COUNT 10. ;
21775      TARGET_B="1"; COUNT=4843; DATAPRIOR=0.25; TRAINPRIOR=0.25; DECPRIOR=0.05; DECISION1=14.5; DECISION2=0;
MPRINT(EM_DIAGRAM):   TARGET_B="1";
MPRINT(EM_DIAGRAM):   COUNT=4843;
MPRINT(EM_DIAGRAM):   DATAPRIOR=0.25;
MPRINT(EM_DIAGRAM):   TRAINPRIOR=0.25;
MPRINT(EM_DIAGRAM):   DECPRIOR=0.05;
MPRINT(EM_DIAGRAM):   DECISION1=14.5;
MPRINT(EM_DIAGRAM):   DECISION2=0;
21776      output;
MPRINT(EM_DIAGRAM):   output;
21777      TARGET_B="0"; COUNT=14529; DATAPRIOR=0.75; TRAINPRIOR=0.75; DECPRIOR=0.95; DECISION1=-0.5; DECISION2=0;
MPRINT(EM_DIAGRAM):   TARGET_B="0";
MPRINT(EM_DIAGRAM):   COUNT=14529;
MPRINT(EM_DIAGRAM):   DATAPRIOR=0.75;
MPRINT(EM_DIAGRAM):   TRAINPRIOR=0.75;
MPRINT(EM_DIAGRAM):   DECPRIOR=0.95;
MPRINT(EM_DIAGRAM):   DECISION1=-0.5;
MPRINT(EM_DIAGRAM):   DECISION2=0;
21778      output;
MPRINT(EM_DIAGRAM):   output;
21779      ;
MPRINT(EM_DIAGRAM):   ;
21780      run;
MPRINT(EM_DIAGRAM):   run;

NOTE: The data set WORK.TARGET_B has 2 observations and 7 variables.
NOTE: DATA statement used (Total process time):
      real time           0.01 seconds
      cpu time            0.00 seconds
      

21781      proc datasets lib=work nolist;
MPRINT(EM_DIAGRAM):   proc datasets lib=work nolist;
21782      modify TARGET_B(type=PROFIT label=TARGET_B);
MPRINT(EM_DIAGRAM):   modify TARGET_B(type=PROFIT label= TARGET_B);
MPRINT(EM_DIAGRAM):   label DECISION1= '1';
MPRINT(EM_DIAGRAM):   label DECISION2= '0';
MPRINT(EM_DIAGRAM):   run;
21783      label DECISION1= '1';
21784      label DECISION2= '0';
21785      run;

NOTE: MODIFY was successful for WORK.TARGET_B.DATA.
21786      quit;
MPRINT(EM_DIAGRAM):   quit;

NOTE: PROCEDURE DATASETS used (Total process time):
      real time           0.03 seconds
      cpu time            0.01 seconds
      

21787      data EM_Neural;
MPRINT(EM_DIAGRAM):   data EM_Neural;
21788      set EMWS1.Varsel_TRAIN(keep=
21789      FREQUENCY_STATUS_97NK G_CARD_PROM_12 G_CLUSTER_CODE G_RECENCY_STATUS_96NK
21790      G_RECENT_CARD_RESPONSE_COUNT G_RECENT_RESPONSE_COUNT LG10_LAST_GIFT_AMT
21791      MONTHS_SINCE_LAST_GIFT OPT_LIFETIME_GIFT_COUNT PEP_STAR TARGET_B );
MPRINT(EM_DIAGRAM):   set EMWS1.Varsel_TRAIN(keep= FREQUENCY_STATUS_97NK G_CARD_PROM_12 G_CLUSTER_CODE G_RECENCY_STATUS_96NK G_RECENT_CARD_RESPONSE_COUNT G_RECENT_RESPONSE_COUNT LG10_LAST_GIFT_AMT MONTHS_SINCE_LAST_GIFT OPT_LIFETIME_GIFT_COUNT PEP_STAR 
TARGET_B );
21792      run;
MPRINT(EM_DIAGRAM):   run;

NOTE: Variable _WARN_ is uninitialized.
NOTE: There were 10654 observations read from the data set EMWS1.PART_TRAIN.
NOTE: There were 10654 observations read from the data set EMWS1.REPL_TRAIN.
NOTE: There were 10654 observations read from the data set EMWS1.IMPT_TRAIN.
NOTE: View EMWS1.VARSEL_TRAIN.VIEW used (Total process time):
      real time           0.17 seconds
      cpu time            0.17 seconds
      
NOTE: There were 10654 observations read from the data set EMWS1.TRANS_TRAIN.
NOTE: There were 10654 observations read from the data set EMWS1.VARSEL_TRAIN.
NOTE: The data set WORK.EM_NEURAL has 10654 observations and 11 variables.
NOTE: DATA statement used (Total process time):
      real time           0.23 seconds
      cpu time            0.23 seconds
      

MPRINT(EM_DIAGRAM):   *------------------------------------------------------------* ;
MPRINT(EM_DIAGRAM):   * Neural: DMDBClass Macro ;
MPRINT(EM_DIAGRAM):   *------------------------------------------------------------* ;
21793      *------------------------------------------------------------* ;
21794      * Neural: DMDBClass Macro ;
21795      *------------------------------------------------------------* ;
21796      %macro DMDBClass;
21797          FREQUENCY_STATUS_97NK(ASC) G_CARD_PROM_12(ASC) G_CLUSTER_CODE(ASC)
21798         G_RECENCY_STATUS_96NK(ASC) G_RECENT_CARD_RESPONSE_COUNT(ASC)
21799         G_RECENT_RESPONSE_COUNT(ASC) OPT_LIFETIME_GIFT_COUNT(ASC) PEP_STAR(ASC)
21800         TARGET_B(DESC)
21801      %mend DMDBClass;
21802      *------------------------------------------------------------* ;
MPRINT(EM_DIAGRAM):   *------------------------------------------------------------* ;
21803      * Neural: DMDBVar Macro ;
MPRINT(EM_DIAGRAM):   * Neural: DMDBVar Macro ;
21804      *------------------------------------------------------------* ;
MPRINT(EM_DIAGRAM):   *------------------------------------------------------------* ;
21805      %macro DMDBVar;
21806          LG10_LAST_GIFT_AMT MONTHS_SINCE_LAST_GIFT
21807      %mend DMDBVar;
21808      *------------------------------------------------------------*;
MPRINT(EM_DIAGRAM):   *------------------------------------------------------------*;
21809      * Neural: Create DMDB;
MPRINT(EM_DIAGRAM):   * Neural: Create DMDB;
21810      *------------------------------------------------------------*;
MPRINT(EM_DIAGRAM):   *------------------------------------------------------------*;
21811      proc dmdb batch data=WORK.EM_Neural
21812      dmdbcat=WORK.Neural_DMDB
21813      maxlevel = 513
21814      ;
MPRINT(EM_DIAGRAM):   proc dmdb batch data=WORK.EM_Neural dmdbcat=WORK.Neural_DMDB maxlevel = 513 ;
MPRINT(EM_DIAGRAM):   class
21815      class %DMDBClass;
MPRINT(DMDBCLASS):   FREQUENCY_STATUS_97NK(ASC) G_CARD_PROM_12(ASC) G_CLUSTER_CODE(ASC) G_RECENCY_STATUS_96NK(ASC) G_RECENT_CARD_RESPONSE_COUNT(ASC) G_RECENT_RESPONSE_COUNT(ASC) OPT_LIFETIME_GIFT_COUNT(ASC) PEP_STAR(ASC) TARGET_B(DESC)
MPRINT(EM_DIAGRAM):  ;
MPRINT(EM_DIAGRAM):   var
21816      var %DMDBVar;
MPRINT(DMDBVAR):   LG10_LAST_GIFT_AMT MONTHS_SINCE_LAST_GIFT
MPRINT(EM_DIAGRAM):  ;
21817      target
21818      TARGET_B
21819      ;
MPRINT(EM_DIAGRAM):   target TARGET_B ;
21820      run;
MPRINT(EM_DIAGRAM):   run;

NOTE: Records processed = 10654   Memory used = 511K.
NOTE: There were 10654 observations read from the data set WORK.EM_NEURAL.
NOTE: PROCEDURE DMDB used (Total process time):
      real time           0.04 seconds
      cpu time            0.01 seconds
      

MPRINT(EM_DIAGRAM):   quit;
MPRINT(EM_DIAGRAM):   *--- end code ---*;
21821      quit;
21822      *--- end code ---*;

21823      *------------------------------------------------------------* ;
MPRINT(EM_DIAGRAM):    *------------------------------------------------------------* ;
21824      * Neural: Interval Input Variables Macro ;
MPRINT(EM_DIAGRAM):   * Neural: Interval Input Variables Macro ;
21825      *------------------------------------------------------------* ;
MPRINT(EM_DIAGRAM):   *------------------------------------------------------------* ;
21826      %macro INTINPUTS;
21827          LG10_LAST_GIFT_AMT MONTHS_SINCE_LAST_GIFT
21828      %mend INTINPUTS;
21829      *------------------------------------------------------------* ;
MPRINT(EM_DIAGRAM):   *------------------------------------------------------------* ;
21830      * Neural: Binary Inputs Macro ;
MPRINT(EM_DIAGRAM):   * Neural: Binary Inputs Macro ;
21831      *------------------------------------------------------------* ;
MPRINT(EM_DIAGRAM):   *------------------------------------------------------------* ;
21832      %macro BININPUTS;
21833          PEP_STAR
21834      %mend BININPUTS;
21835      *------------------------------------------------------------* ;
MPRINT(EM_DIAGRAM):   *------------------------------------------------------------* ;
21836      * Neural: Nominal Inputs Macro ;
MPRINT(EM_DIAGRAM):   * Neural: Nominal Inputs Macro ;
21837      *------------------------------------------------------------* ;
MPRINT(EM_DIAGRAM):   *------------------------------------------------------------* ;
21838      %macro NOMINPUTS;
21839          FREQUENCY_STATUS_97NK G_CARD_PROM_12 G_CLUSTER_CODE G_RECENCY_STATUS_96NK
21840         G_RECENT_CARD_RESPONSE_COUNT G_RECENT_RESPONSE_COUNT OPT_LIFETIME_GIFT_COUNT
21841      %mend NOMINPUTS;
21842      *------------------------------------------------------------* ;
MPRINT(EM_DIAGRAM):   *------------------------------------------------------------* ;
21843      * Neural: Ordinal Inputs Macro ;
MPRINT(EM_DIAGRAM):   * Neural: Ordinal Inputs Macro ;
21844      *------------------------------------------------------------* ;
MPRINT(EM_DIAGRAM):   *------------------------------------------------------------* ;
21845      %macro ORDINPUTS;
21846      
21847      %mend ORDINPUTS;
21848      *------------------------------------------------------------*;
MPRINT(EM_DIAGRAM):   *------------------------------------------------------------*;
21849      * Neural Network Training;
MPRINT(EM_DIAGRAM):   * Neural Network Training;
21850      ;
MPRINT(EM_DIAGRAM):   ;
21851      *------------------------------------------------------------*;
MPRINT(EM_DIAGRAM):   *------------------------------------------------------------*;
21852      proc neural data=EM_Neural dmdbcat=WORK.Neural_DMDB
21853      validdata = EMWS1.Varsel_VALIDATE
21854      random=12345
21855      ;
MPRINT(EM_DIAGRAM):   proc neural data=EM_Neural dmdbcat=WORK.Neural_DMDB validdata = EMWS1.Varsel_VALIDATE random=12345 ;
21856      nloptions
21857      ;
MPRINT(EM_DIAGRAM):   nloptions ;
21858      performance alldetails noutilfile;
MPRINT(EM_DIAGRAM):   performance alldetails noutilfile;
21859      decision decdata=WORK.TARGET_B
21860      decvars=
21861      DECISION1
21862      DECISION2
21863      priorVar=DECPRIOR
21864      ;
MPRINT(EM_DIAGRAM):   decision decdata=WORK.TARGET_B decvars= DECISION1 DECISION2 priorVar=DECPRIOR ;
21865      netopts
21866      decay=0;
MPRINT(EM_DIAGRAM):   netopts decay=0;
MPRINT(EM_DIAGRAM):   input
21867      input %INTINPUTS / level=interval id=intvl
MPRINT(INTINPUTS):   LG10_LAST_GIFT_AMT MONTHS_SINCE_LAST_GIFT
21868      ;
MPRINT(EM_DIAGRAM):   / level=interval id=intvl ;
MPRINT(EM_DIAGRAM):   input
21869      input %BININPUTS / level=nominal id=bin
MPRINT(BININPUTS):   PEP_STAR
21870      ;
MPRINT(EM_DIAGRAM):   / level=nominal id=bin ;
MPRINT(EM_DIAGRAM):   input
21871      input %NOMINPUTS / level=nominal id=nom
MPRINT(NOMINPUTS):   FREQUENCY_STATUS_97NK G_CARD_PROM_12 G_CLUSTER_CODE G_RECENCY_STATUS_96NK G_RECENT_CARD_RESPONSE_COUNT G_RECENT_RESPONSE_COUNT OPT_LIFETIME_GIFT_COUNT
21872      ;
MPRINT(EM_DIAGRAM):   / level=nominal id=nom ;
21873      target TARGET_B / level=NOMINAL id=TARGET_B
21874      bias
21875      ;
MPRINT(EM_DIAGRAM):   target TARGET_B / level=NOMINAL id=TARGET_B bias ;
21876      arch MLP
21877      Hidden=5
21878      direct
21879      ;
MPRINT(EM_DIAGRAM):   arch MLP Hidden=5 direct ;
21880      Prelim 5 preiter=10
21881      pretime=3600
21882      Outest=EMWS1.Neural_PRELIM_OUTEST
21883      ;
MPRINT(EM_DIAGRAM):   Prelim 5 preiter=10 pretime=3600 Outest=EMWS1.Neural_PRELIM_OUTEST ;
NOTE: Variable _WARN_ is uninitialized.
NOTE:  Synchronizing the objectives and the Solution.
NOTE: QUANEW Optimization cannot be completed.
NOTE: QUANEW needs more than 10 iterations or 2147483647 function calls.
NOTE: QUANEW Optimization cannot be completed.
NOTE: QUANEW needs more than 10 iterations or 2147483647 function calls.
NOTE: QUANEW Optimization cannot be completed.
NOTE: QUANEW needs more than 10 iterations or 2147483647 function calls.
NOTE: QUANEW Optimization cannot be completed.
NOTE: QUANEW needs more than 10 iterations or 2147483647 function calls.
NOTE: QUANEW Optimization cannot be completed.
NOTE: QUANEW needs more than 10 iterations or 2147483647 function calls.
NOTE: The data set EMWS1.NEURAL_PRELIM_OUTEST has 11 observations and 218 variables.
21884      save network=EMWS1.Neural_NETWORK.dm_neural;
MPRINT(EM_DIAGRAM):   save network=EMWS1.Neural_NETWORK.dm_neural;
NOTE: Creating a new Catalogue with entry EMWS1.NEURAL_NETWORK.DM_NEURAL.
NOTE: Entry EMWS1.NEURAL_NETWORK.DM_NEURAL has been opened.
NOTE: Entry EMWS1.NEURAL_NETWORK.DM_NEURAL has been closed.
21885      train Maxiter=50
21886      maxtime=14400
21887      Outest=EMWS1.Neural_outest estiter=1
21888      Outfit=EMWS1.Neural_OUTFIT
21889      ;
MPRINT(EM_DIAGRAM):   train Maxiter=50 maxtime=14400 Outest=EMWS1.Neural_outest estiter=1 Outfit=EMWS1.Neural_OUTFIT ;
WARNING: QUANEW Optimization cannot be completed.
NOTE: QUANEW needs more than 50 iterations or 2147483647 function calls.
NOTE: The data set EMWS1.NEURAL_OUTEST has 53 observations and 218 variables.
NOTE: The data set EMWS1.NEURAL_OUTFIT has 104 observations and 40 variables.
21890      run;
MPRINT(EM_DIAGRAM):   run;

NOTE: The data set WORK.EM_NEURAL has 10654 observations and 11 variables.
NOTE: The data set EMWS1.VARSEL_VALIDATE has . observations and 76 variables.
NOTE: There were 8718 observations read from the data set EMWS1.PART_VALIDATE.
NOTE: There were 8718 observations read from the data set EMWS1.REPL_VALIDATE.
NOTE: There were 8718 observations read from the data set EMWS1.IMPT_VALIDATE.
NOTE: View EMWS1.VARSEL_VALIDATE.VIEW used (Total process time):
      real time           10.93 seconds
      cpu time            10.12 seconds
      
NOTE: There were 8718 observations read from the data set EMWS1.TRANS_VALIDATE.
NOTE: The data set WORK.TARGET_B has 2 observations and 7 variables.
NOTE: Closing the Neural Application.
NOTE: The PROCEDURE NEURAL printed pages 5-8.
NOTE: PROCEDURE NEURAL used (Total process time):
      real time           11.01 seconds
      cpu time            10.17 seconds
      

MPRINT(EM_DIAGRAM):   quit;
21891      quit;

21892      proc sort data=EMWS1.Neural_OUTFIT(where=(_iter_ ne . and _NAME_="OVERALL")) out=fit_Neural;
MPRINT(EM_DIAGRAM):    proc sort data=EMWS1.Neural_OUTFIT(where=(_iter_ ne . and _NAME_="OVERALL")) out=fit_Neural;
21893      by DESCENDING _VAPROF_;
MPRINT(EM_DIAGRAM):   by DESCENDING _VAPROF_;
21894      run;
MPRINT(EM_DIAGRAM):   run;

NOTE: There were 52 observations read from the data set EMWS1.NEURAL_OUTFIT.
      WHERE (_iter_ not = .) and (_NAME_='OVERALL');
NOTE: The data set WORK.FIT_NEURAL has 52 observations and 40 variables.
NOTE: PROCEDURE SORT used (Total process time):
      real time           0.03 seconds
      cpu time            0.01 seconds
      

21895      %GLOBAL ITER;
21896      data _null_;
MPRINT(EM_DIAGRAM):   data _null_;
21897      set fit_Neural(obs=1);
MPRINT(EM_DIAGRAM):   set fit_Neural(obs=1);
21898      call symput('ITER',put(_ITER_, 6.));
MPRINT(EM_DIAGRAM):   call symput('ITER',put(_ITER_, 6.));
21899      run;
MPRINT(EM_DIAGRAM):   run;

NOTE: There were 1 observations read from the data set WORK.FIT_NEURAL.
NOTE: DATA statement used (Total process time):
      real time           0.00 seconds
      cpu time            0.00 seconds
      

21900      data EMWS1.Neural_INITIAL;
MPRINT(EM_DIAGRAM):   data EMWS1.Neural_INITIAL;
21901      set EMWS1.Neural_outest(where=(_ITER_ eq &ITER and _OBJ_ ne .));
MPRINT(EM_DIAGRAM):   set EMWS1.Neural_outest(where=(_ITER_ eq 0 and _OBJ_ ne .));
21902      run;
MPRINT(EM_DIAGRAM):   run;

NOTE: There were 1 observations read from the data set EMWS1.NEURAL_OUTEST.
      WHERE (_ITER_=0) and (_OBJ_ not = .);
NOTE: The data set EMWS1.NEURAL_INITIAL has 1 observations and 218 variables.
NOTE: DATA statement used (Total process time):
      real time           0.10 seconds
      cpu time            0.03 seconds
      

21903      *------------------------------------------------------------*;
MPRINT(EM_DIAGRAM):    *------------------------------------------------------------*;
21904      * Neural Network Model Selection;
MPRINT(EM_DIAGRAM):   * Neural Network Model Selection;
21905      ;
MPRINT(EM_DIAGRAM):   ;
21906      *------------------------------------------------------------*;
MPRINT(EM_DIAGRAM):   *------------------------------------------------------------*;
21907      proc neural data=EM_Neural dmdbcat=WORK.Neural_DMDB
21908      validdata = EMWS1.Varsel_VALIDATE
21909      network = EMWS1.Neural_NETWORK.dm_neural
21910      random=12345
21911      ;
MPRINT(EM_DIAGRAM):   proc neural data=EM_Neural dmdbcat=WORK.Neural_DMDB validdata = EMWS1.Varsel_VALIDATE network = EMWS1.Neural_NETWORK.dm_neural random=12345 ;
NOTE: Entry EMWS1.NEURAL_NETWORK.DM_NEURAL has been opened.
NOTE: Entry EMWS1.NEURAL_NETWORK.DM_NEURAL has been closed.
21912      nloptions noprint;
MPRINT(EM_DIAGRAM):   nloptions noprint;
21913      performance alldetails noutilfile;
MPRINT(EM_DIAGRAM):   performance alldetails noutilfile;
21914      decision decdata=WORK.TARGET_B
21915      decvars=
21916      DECISION1
21917      DECISION2
21918      priorVar=DECPRIOR
21919      ;
MPRINT(EM_DIAGRAM):   decision decdata=WORK.TARGET_B decvars= DECISION1 DECISION2 priorVar=DECPRIOR ;
21920      initial inest=EMWS1.Neural_INITIAL;
MPRINT(EM_DIAGRAM):   initial inest=EMWS1.Neural_INITIAL;
NOTE: Variable _WARN_ is uninitialized.
NOTE: The data set EMWS1.NEURAL_INITIAL has 1 observations and 218 variables.
21921      train tech=NONE;
MPRINT(EM_DIAGRAM):   train tech=NONE;
NOTE: No optimization performed.
21922      code file="J:\JMMORR01\CIS 445\Tutorial 1\Charity\Workspaces\EMWS1\Neural\SCORECODE.sas"
21923      group=Neural
21924      ;
MPRINT(EM_DIAGRAM):   code file="J:\JMMORR01\CIS 445\Tutorial 1\Charity\Workspaces\EMWS1\Neural\SCORECODE.sas" group=Neural ;
NOTE: External file J:\JMMORR01\CIS 445\Tutorial 1\Charity\Workspaces\EMWS1\Neural\SCORECODE.sas opened.
21925      ;
MPRINT(EM_DIAGRAM):   ;
21926      code file="J:\JMMORR01\CIS 445\Tutorial 1\Charity\Workspaces\EMWS1\Neural\RESIDUALSCORECODE.sas"
21927      group=Neural
21928      residual
21929      ;
MPRINT(EM_DIAGRAM):   code file="J:\JMMORR01\CIS 445\Tutorial 1\Charity\Workspaces\EMWS1\Neural\RESIDUALSCORECODE.sas" group=Neural residual ;
NOTE: External file J:\JMMORR01\CIS 445\Tutorial 1\Charity\Workspaces\EMWS1\Neural\RESIDUALSCORECODE.sas opened.
21930      ;
MPRINT(EM_DIAGRAM):   ;
21931      score data=EMWS1.Varsel_TRAIN out=_NULL_
NOTE: View EMWS1.VARSEL_TRAIN.VIEW used (Total process time):
      real time           0.60 seconds
      cpu time            0.29 seconds
      
21932      outfit=WORK.FIT1
21933      role=TRAIN
21934      outkey=EMWS1.Neural_OUTKEY;
MPRINT(EM_DIAGRAM):   score data=EMWS1.Varsel_TRAIN out=_NULL_ outfit=WORK.FIT1 role=TRAIN outkey=EMWS1.Neural_OUTKEY;
NOTE: The data set EMWS1.NEURAL_OUTKEY has 53 observations and 8 variables.
NOTE: Variable _WARN_ is uninitialized.
NOTE: The data set EMWS1.VARSEL_TRAIN has . observations and 76 variables.
NOTE: There were 10654 observations read from the data set EMWS1.PART_TRAIN.
NOTE: There were 10654 observations read from the data set EMWS1.REPL_TRAIN.
NOTE: There were 10654 observations read from the data set EMWS1.IMPT_TRAIN.
NOTE: There were 10654 observations read from the data set EMWS1.TRANS_TRAIN.
NOTE: The data set WORK.FIT1 has 2 observations and 25 variables.
21935      score data=EMWS1.Varsel_VALIDATE out=_NULL_
NOTE: View EMWS1.VARSEL_VALIDATE.VIEW used (Total process time):
      real time           0.31 seconds
      cpu time            0.23 seconds
      
21936      outfit=WORK.FIT2
21937      role=VALID
21938      outkey=EMWS1.Neural_OUTKEY;
MPRINT(EM_DIAGRAM):   score data=EMWS1.Varsel_VALIDATE out=_NULL_ outfit=WORK.FIT2 role=VALID outkey=EMWS1.Neural_OUTKEY;
NOTE: The data set EMWS1.NEURAL_OUTKEY has 53 observations and 8 variables.
NOTE: Variable _WARN_ is uninitialized.
NOTE: The data set EMWS1.VARSEL_VALIDATE has . observations and 76 variables.
NOTE: There were 8718 observations read from the data set EMWS1.PART_VALIDATE.
NOTE: There were 8718 observations read from the data set EMWS1.REPL_VALIDATE.
NOTE: There were 8718 observations read from the data set EMWS1.IMPT_VALIDATE.
NOTE: There were 8718 observations read from the data set EMWS1.TRANS_VALIDATE.
NOTE: The data set WORK.FIT2 has 2 observations and 17 variables.
21939      run;
MPRINT(EM_DIAGRAM):   run;

NOTE: The data set WORK.EM_NEURAL has 10654 observations and 11 variables.
NOTE: The data set EMWS1.VARSEL_VALIDATE has . observations and 76 variables.
NOTE: There were 8718 observations read from the data set EMWS1.PART_VALIDATE.
NOTE: There were 8718 observations read from the data set EMWS1.REPL_VALIDATE.
NOTE: There were 8718 observations read from the data set EMWS1.IMPT_VALIDATE.
NOTE: View EMWS1.VARSEL_VALIDATE.VIEW used (Total process time):
      real time           1.50 seconds
      cpu time            0.92 seconds
      
NOTE: There were 8718 observations read from the data set EMWS1.TRANS_VALIDATE.
NOTE: The data set WORK.TARGET_B has 2 observations and 7 variables.
NOTE: Closing the Neural Application.
NOTE: PROCEDURE NEURAL used (Total process time):
      real time           1.53 seconds
      cpu time            0.96 seconds
      

MPRINT(EM_DIAGRAM):   quit;
21940      quit;
21941      data EMWS1.Neural_OUTFIT;
MPRINT(EM_DIAGRAM):   data EMWS1.Neural_OUTFIT;
21942      merge WORK.FIT1 WORK.FIT2;
MPRINT(EM_DIAGRAM):   merge WORK.FIT1 WORK.FIT2;
21943      run;
MPRINT(EM_DIAGRAM):   run;

NOTE: There were 2 observations read from the data set WORK.FIT1.
NOTE: There were 2 observations read from the data set WORK.FIT2.
NOTE: The data set EMWS1.NEURAL_OUTFIT has 2 observations and 40 variables.
NOTE: DATA statement used (Total process time):
      real time           0.10 seconds
      cpu time            0.06 seconds
      

21944      data EMWS1.Neural_EMESTIMATE;
MPRINT(EM_DIAGRAM):   data EMWS1.Neural_EMESTIMATE;
21945      set EMWS1.Neural_outest;
MPRINT(EM_DIAGRAM):   set EMWS1.Neural_outest;
21946      if _type_ ^in('HESSIAN' 'GRAD');
MPRINT(EM_DIAGRAM):   if _type_ ^in('HESSIAN' 'GRAD');
21947      run;
MPRINT(EM_DIAGRAM):   run;

NOTE: There were 53 observations read from the data set EMWS1.NEURAL_OUTEST.
NOTE: The data set EMWS1.NEURAL_EMESTIMATE has 52 observations and 218 variables.
NOTE: DATA statement used (Total process time):
      real time           0.12 seconds
      cpu time            0.01 seconds
      

21948      proc datasets lib=work nolist;
MPRINT(EM_DIAGRAM):   proc datasets lib=work nolist;
21949      delete EM_Neural;
MPRINT(EM_DIAGRAM):   delete EM_Neural;
21950      run;
MPRINT(EM_DIAGRAM):   run;

NOTE: Deleting WORK.EM_NEURAL (memtype=DATA).
21951      quit;
MPRINT(EM_DIAGRAM):   quit;

NOTE: PROCEDURE DATASETS used (Total process time):
      real time           0.01 seconds
      cpu time            0.00 seconds
      

21952      data EMWS1.Neural_PLOTDS(where=(_iter_ ne . and _NAME_="OVERALL"));
MPRINT(EM_DIAGRAM):    data EMWS1.Neural_PLOTDS(where=(_iter_ ne . and _NAME_="OVERALL"));
21953      set fit_Neural;
MPRINT(EM_DIAGRAM):   set fit_Neural;
21954      attrib _ITER_ label="%sysfunc(sasmsg(sashelp.dmine, rpt_trainiterations_vlabel  , NOQUOTE))";
MPRINT(EM_DIAGRAM):   attrib _ITER_ label="Training Iterations";
21955      attrib _NAME_ label="%sysfunc(sasmsg(sashelp.dmine, rpt_varsel_label_name  , NOQUOTE))";
MPRINT(EM_DIAGRAM):   attrib _NAME_ label="Name";
21956      run;
MPRINT(EM_DIAGRAM):   run;

NOTE: There were 52 observations read from the data set WORK.FIT_NEURAL.
NOTE: The data set EMWS1.NEURAL_PLOTDS has 52 observations and 40 variables.
NOTE: DATA statement used (Total process time):
      real time           0.09 seconds
      cpu time            0.03 seconds
      

21957      proc sort data=EMWS1.Neural_PLOTDS;
MPRINT(EM_DIAGRAM):   proc sort data=EMWS1.Neural_PLOTDS;
21958      by _ITER_;
MPRINT(EM_DIAGRAM):   by _ITER_;
21959      run;
MPRINT(EM_DIAGRAM):   run;

NOTE: There were 52 observations read from the data set EMWS1.NEURAL_PLOTDS.
NOTE: The data set EMWS1.NEURAL_PLOTDS has 52 observations and 40 variables.
NOTE: PROCEDURE SORT used (Total process time):
      real time           0.14 seconds
      cpu time            0.06 seconds
      

21960      data tempweight (drop= _tech_ _decay_ _seed_ _nobj_ _obj_ _objerr_ _averr_ _p_num_ where=(_type_ eq "PARMS" and _iter_ eq 0) );
MPRINT(EM_DIAGRAM):    data tempweight (drop= _tech_ _decay_ _seed_ _nobj_ _obj_ _objerr_ _averr_ _p_num_ where=(_type_ eq "PARMS" and _iter_ eq 0) );
21961      set EMWS1.Neural_EMESTIMATE;
MPRINT(EM_DIAGRAM):   set EMWS1.Neural_EMESTIMATE;
21962      run;
MPRINT(EM_DIAGRAM):   run;

NOTE: There were 52 observations read from the data set EMWS1.NEURAL_EMESTIMATE.
NOTE: The data set WORK.TEMPWEIGHT has 1 observations and 210 variables.
NOTE: DATA statement used (Total process time):
      real time           0.03 seconds
      cpu time            0.01 seconds
      

21963      proc sort;
MPRINT(EM_DIAGRAM):   proc sort;
21964      by _name_;
MPRINT(EM_DIAGRAM):   by _name_;
21965      run;
MPRINT(EM_DIAGRAM):   run;

NOTE: There were 1 observations read from the data set WORK.TEMPWEIGHT.
NOTE: The data set WORK.TEMPWEIGHT has 1 observations and 210 variables.
NOTE: PROCEDURE SORT used (Total process time):
      real time           0.01 seconds
      cpu time            0.00 seconds
      

21966      proc transpose data=tempweight out=EMWS1.Neural_WEIGHTDS;
MPRINT(EM_DIAGRAM):   proc transpose data=tempweight out=EMWS1.Neural_WEIGHTDS;
21967      by _name_;
MPRINT(EM_DIAGRAM):   by _name_;
21968      run;
MPRINT(EM_DIAGRAM):   run;

NOTE: There were 1 observations read from the data set WORK.TEMPWEIGHT.
NOTE: The data set EMWS1.NEURAL_WEIGHTDS has 208 observations and 3 variables.
NOTE: PROCEDURE TRANSPOSE used (Total process time):
      real time           0.12 seconds
      cpu time            0.07 seconds
      

21969      data EMWS1.Neural_WEIGHTDS;
MPRINT(EM_DIAGRAM):   data EMWS1.Neural_WEIGHTDS;
21970      set EMWS1.Neural_WEIGHTDS;
MPRINT(EM_DIAGRAM):   set EMWS1.Neural_WEIGHTDS;
21971      FROM = trim(left(scan(_LABEL_, 1, '->')));
MPRINT(EM_DIAGRAM):   FROM = trim(left(scan(_LABEL_, 1, '->')));
21972      TO = trim(left(scan(_LABEL_, 2, '>')));
MPRINT(EM_DIAGRAM):   TO = trim(left(scan(_LABEL_, 2, '>')));
21973      WEIGHT = COL1;
MPRINT(EM_DIAGRAM):   WEIGHT = COL1;
21974      if (TO eq '') or (FROM eq '') then delete;
MPRINT(EM_DIAGRAM):   if (TO eq '') or (FROM eq '') then delete;
21975      label _LABEL_ ="%sysfunc(sasmsg(sashelp.dmine, meta_label_vlabel  , NOQUOTE))" FROM = "%sysfunc(sasmsg(sashelp.dmine, rpt_from_vlabel  , NOQUOTE))" TO = "%sysfunc(sasmsg(sashelp.dmine, rpt_into_vlabel  , NOQUOTE))" WEIGHT =
21976         "%sysfunc(sasmsg(sashelp.dmine, rpt_weight_vlabel  , NOQUOTE))";
MPRINT(EM_DIAGRAM):   label _LABEL_ = "Label" FROM = "From" TO = "Into" WEIGHT = "Weight";
21977      keep FROM TO WEIGHT _LABEL_;
MPRINT(EM_DIAGRAM):   keep FROM TO WEIGHT _LABEL_;
21978      run;
MPRINT(EM_DIAGRAM):   run;

NOTE: There were 208 observations read from the data set EMWS1.NEURAL_WEIGHTDS.
NOTE: The data set EMWS1.NEURAL_WEIGHTDS has 203 observations and 4 variables.
NOTE: DATA statement used (Total process time):
      real time           0.12 seconds
      cpu time            0.01 seconds
      

21979      proc sort data=EMWS1.Neural_WEIGHTDS nodupkey;
MPRINT(EM_DIAGRAM):   proc sort data=EMWS1.Neural_WEIGHTDS nodupkey;
21980      by _LABEL_;
MPRINT(EM_DIAGRAM):   by _LABEL_;
21981      run;
MPRINT(EM_DIAGRAM):   run;

NOTE: There were 203 observations read from the data set EMWS1.NEURAL_WEIGHTDS.
NOTE: 0 observations with duplicate key values were deleted.
NOTE: The data set EMWS1.NEURAL_WEIGHTDS has 203 observations and 4 variables.
NOTE: PROCEDURE SORT used (Total process time):
      real time           0.12 seconds
      cpu time            0.04 seconds
      

MPRINT(EM_DIAGRAM):    proc printto;
MPRINT(EM_DIAGRAM):   run;
