MPRINT(EM_DIAGRAM):    data _null_;
MPRINT(EM_DIAGRAM):   call symput('NLDATE', strip(put(date(), NLDATE.)));
MPRINT(EM_DIAGRAM):   call symput('NLTIME', strip(put(datetime(), NLTIME.)));
MPRINT(EM_DIAGRAM):   run;
MPRINT(EM_DIAGRAM):   data _null_;
MPRINT(EM_DIAGRAM):   nldate= sasmsg("sashelp.dmine", "log_date_note", 'N', "October 20, 2018" );
MPRINT(EM_DIAGRAM):   nltime= sasmsg("sashelp.dmine", "log_time_note", 'N', "16:31:53" );
MPRINT(EM_DIAGRAM):   put "*------------------------------------------------------------*";
MPRINT(EM_DIAGRAM):   put "* Training Log";
MPRINT(EM_DIAGRAM):   put nldate;
MPRINT(EM_DIAGRAM):   put nltime;
MPRINT(EM_DIAGRAM):   put "*------------------------------------------------------------*";
MPRINT(EM_DIAGRAM):   run;
*------------------------------------------------------------*
* Training Log
Date:                October 20, 2018
Time:                16:31:53
*------------------------------------------------------------*
MPRINT(EM_DIAGRAM):    filename O2KGGXT_ "J:\JMMORR01\CIS 445\Tutorial 1\Charity\Workspaces\EMWS1\Varsel\EMTRAIN.out" encoding="UTF-8" NOBOM;
MPRINT(EM_DIAGRAM):   proc printto print=O2KGGXT_ new;
MPRINT(EM_DIAGRAM):   run;
MPRINT(EM_DIAGRAM):    filename _LOG "J:\JMMORR01\CIS 445\Tutorial 1\Charity\Workspaces\EMWS1\Varsel\EMLOG.log" encoding="UTF-8" NOBOM;
MPRINT(EM_DIAGRAM):    data _null_;
MPRINT(EM_DIAGRAM):   call symput('NLDATE', strip(put(date(), NLDATE.)));
MPRINT(EM_DIAGRAM):   call symput('NLTIME', strip(put(datetime(), NLTIME.)));
MPRINT(EM_DIAGRAM):   run;
MPRINT(EM_DIAGRAM):   data _null_;
MPRINT(EM_DIAGRAM):   nldate= sasmsg("sashelp.dmine", "log_date_note", 'N', "October 20, 2018" );
MPRINT(EM_DIAGRAM):   nltime= sasmsg("sashelp.dmine", "log_time_note", 'N', "16:31:54" );
MPRINT(EM_DIAGRAM):   file _LOG;
MPRINT(EM_DIAGRAM):   put "*------------------------------------------------------------*";
MPRINT(EM_DIAGRAM):   put "User:                jmmorr01";
MPRINT(EM_DIAGRAM):   put nldate;
MPRINT(EM_DIAGRAM):   put nltime;
MPRINT(EM_DIAGRAM):   put "Site:                70080761";
MPRINT(EM_DIAGRAM):   put "Platform:            X64_8PRO";
MPRINT(EM_DIAGRAM):   put "Maintenance Release: 9.04.01M3P062415";
MPRINT(EM_DIAGRAM):   put "EM Version:          14.1";
MPRINT(EM_DIAGRAM):   put "* ";
MPRINT(EM_DIAGRAM):   run;
MPRINT(EM_DIAGRAM):    filename _LOGIN "J:\JMMORR01\CIS 445\Tutorial 1\Charity\Workspaces\EMWS1\Varsel\EMTRAIN.log" encoding="UTF-8" NOBOM;
MPRINT(EM_COPYFILE):   data _null_;
MPRINT(EM_COPYFILE):   length line $20000;
MPRINT(EM_COPYFILE):   file _LOG MOD lrecl=20000;
MPRINT(EM_COPYFILE):   fid=fopen("_LOGIN",'i',20000,'v');
MPRINT(EM_COPYFILE):   if fid > 0 then do;
MPRINT(EM_COPYFILE):   do while(^fread(fid));
MPRINT(EM_COPYFILE):   rlen = frlen(fid);
MPRINT(EM_COPYFILE):   rc= fget(fid,line,20000);
MPRINT(EM_COPYFILE):   start = length(line)-length(left(line))+1;
MPRINT(EM_COPYFILE):   line=strip(line);
MPRINT(EM_COPYFILE):   put @start line;
MPRINT(EM_COPYFILE):   end;
MPRINT(EM_COPYFILE):   if fid > 0 then rc=fclose(fid);
MPRINT(EM_COPYFILE):   end;
MPRINT(EM_COPYFILE):   run;
MPRINT(EM_DIAGRAM):  ;
MPRINT(EM_DIAGRAM):   filename _LOGIN;
MPRINT(EM_DIAGRAM):    data _null_;
MPRINT(EM_DIAGRAM):   file _LOG mod;
MPRINT(EM_DIAGRAM):   put _page_;
MPRINT(EM_DIAGRAM):   run;
MPRINT(EM_DIAGRAM):   filename _LOGIN "J:\JMMORR01\CIS 445\Tutorial 1\Charity\Workspaces\EMWS1\Varsel\EMSCORE.log" encoding="UTF-8" NOBOM;
MPRINT(EM_DIAGRAM):  ;
MPRINT(EM_DIAGRAM):   data _null_;
MPRINT(EM_DIAGRAM):   file _LOG mod;
MPRINT(EM_DIAGRAM):   put _page_;
MPRINT(EM_DIAGRAM):   run;
MPRINT(EM_DIAGRAM):    filename _LOGIN "J:\JMMORR01\CIS 445\Tutorial 1\Charity\Workspaces\EMWS1\Varsel\EMREPORT.log" encoding="UTF-8" NOBOM;
MPRINT(EM_DIAGRAM):  ;
MPRINT(EM_DIAGRAM):   filename _LOGIN;
MPRINT(EM_DIAGRAM):    filename _LOG;
MPRINT(EM_DIAGRAM):    filename _OUT "J:\JMMORR01\CIS 445\Tutorial 1\Charity\Workspaces\EMWS1\Varsel\EMOUTPUT.out" encoding="UTF-8" NOBOM;
MPRINT(EM_DIAGRAM):    data _null_;
MPRINT(EM_DIAGRAM):   call symput('NLDATE', strip(put(date(), NLDATE.)));
MPRINT(EM_DIAGRAM):   call symput('NLTIME', strip(put(datetime(), NLTIME.)));
MPRINT(EM_DIAGRAM):   run;
MPRINT(EM_DIAGRAM):   data _null_;
MPRINT(EM_DIAGRAM):   nldate= sasmsg("sashelp.dmine", "log_date_note", 'N', "October 20, 2018" );
MPRINT(EM_DIAGRAM):   nltime= sasmsg("sashelp.dmine", "log_time_note", 'N', "16:31:54" );
MPRINT(EM_DIAGRAM):   file _OUT;
MPRINT(EM_DIAGRAM):   put "*------------------------------------------------------------*";
MPRINT(EM_DIAGRAM):   put "User:                jmmorr01";
MPRINT(EM_DIAGRAM):   put nldate;
MPRINT(EM_DIAGRAM):   put nltime;
MPRINT(EM_DIAGRAM):   put "*------------------------------------------------------------*";
MPRINT(EM_DIAGRAM):   put "* Training Output";
MPRINT(EM_DIAGRAM):   put "*------------------------------------------------------------*";
MPRINT(EM_DIAGRAM):   run;
MPRINT(EM_DIAGRAM):    filename _OUTIN "J:\JMMORR01\CIS 445\Tutorial 1\Charity\Workspaces\EMWS1\Varsel\EMTRAIN.out" encoding="UTF-8" NOBOM;
MPRINT(EM_DIAGRAM):   ;
MPRINT(EM_COPYFILE):   data _null_;
MPRINT(EM_COPYFILE):   length line $20000;
MPRINT(EM_COPYFILE):   file _OUT MOD lrecl=20000;
MPRINT(EM_COPYFILE):   fid=fopen("_OUTIN",'i',20000,'v');
MPRINT(EM_COPYFILE):   if fid > 0 then do;
MPRINT(EM_COPYFILE):   do while(^fread(fid));
MPRINT(EM_COPYFILE):   rlen = frlen(fid);
MPRINT(EM_COPYFILE):   rc= fget(fid,line,20000);
MPRINT(EM_COPYFILE):   start = length(line)-length(left(line))+1;
MPRINT(EM_COPYFILE):   line=strip(line);
MPRINT(EM_COPYFILE):   put @start line;
MPRINT(EM_COPYFILE):   end;
MPRINT(EM_COPYFILE):   if fid > 0 then rc=fclose(fid);
MPRINT(EM_COPYFILE):   end;
MPRINT(EM_COPYFILE):   run;
MPRINT(EM_DIAGRAM):  ;
MPRINT(EM_DIAGRAM):   filename _OUTIN;
MPRINT(EM_DIAGRAM):    data _null_;
MPRINT(EM_DIAGRAM):   file _OUT mod;
MPRINT(EM_DIAGRAM):   put _page_;
MPRINT(EM_DIAGRAM):   put // "*------------------------------------------------------------*";
MPRINT(EM_DIAGRAM):   put "* Score Output";
MPRINT(EM_DIAGRAM):   put "*------------------------------------------------------------*";
MPRINT(EM_DIAGRAM):   run;
MPRINT(EM_DIAGRAM):    filename _OUTIN "J:\JMMORR01\CIS 445\Tutorial 1\Charity\Workspaces\EMWS1\Varsel\EMSCORE.out" encoding="UTF-8" NOBOM;
MPRINT(EM_DIAGRAM):  ;
MPRINT(EM_DIAGRAM):   filename _OUTIN;
MPRINT(EM_DIAGRAM):    data _null_;
MPRINT(EM_DIAGRAM):   file _OUT mod;
MPRINT(EM_DIAGRAM):   put _page_;
MPRINT(EM_DIAGRAM):   put // "*------------------------------------------------------------*";
MPRINT(EM_DIAGRAM):   put "* Report Output";
MPRINT(EM_DIAGRAM):   put "*------------------------------------------------------------*";
MPRINT(EM_DIAGRAM):   run;
MPRINT(EM_DIAGRAM):    filename _OUTIN "J:\JMMORR01\CIS 445\Tutorial 1\Charity\Workspaces\EMWS1\Varsel\EMREPORT.out" encoding="UTF-8" NOBOM;
MPRINT(EM_DIAGRAM):  ;
MPRINT(EM_DIAGRAM):   filename _OUTIN;
MPRINT(EM_DIAGRAM):    filename _OUT;
MPRINT(EM_DIAGRAM):    filename _emtool_ 'J:\JMMORR01\CIS 445\Tutorial 1\Charity\Workspaces\EMWS1\Varsel\EMRUNSTATUS.xml' encoding="UTF-8" NOBOM;
MPRINT(EM_DIAGRAM):    filename _emtool_ 'J:\JMMORR01\CIS 445\Tutorial 1\Charity\Workspaces\EMWS1\Varsel\EMRUNSTATUS.xml' encoding="UTF-8" NOBOM;
21614      proc freq data=EMWS1.Varsel_VariableSet noprint;
MPRINT(EM_DIAGRAM):    proc freq data=EMWS1.Varsel_VariableSet noprint;
21615      table ROLE*LEVEL/out=WORK.VarselMETA;
MPRINT(EM_DIAGRAM):   table ROLE*LEVEL/out=WORK.VarselMETA;
21616      run;
MPRINT(EM_DIAGRAM):   run;

NOTE: There were 51 observations read from the data set EMWS1.VARSEL_VARIABLESET.
NOTE: The data set WORK.VARSELMETA has 5 observations and 4 variables.
NOTE: PROCEDURE FREQ used (Total process time):
      real time           0.10 seconds
      cpu time            0.06 seconds
      

21617      proc print data=WORK.VarselMETA label noobs;
MPRINT(EM_DIAGRAM):   proc print data=WORK.VarselMETA label noobs;
21618      var ROLE LEVEL COUNT;
MPRINT(EM_DIAGRAM):   var ROLE LEVEL COUNT;
21619      label ROLE = "%sysfunc(sasmsg(sashelp.dmine, meta_role_vlabel, NOQUOTE))" LEVEL = "%sysfunc(sasmsg(sashelp.dmine, meta_level_vlabel, NOQUOTE))" COUNT = "%sysfunc(sasmsg(sashelp.dmine, rpt_count_vlabel, NOQUOTE))";
MPRINT(EM_DIAGRAM):   label ROLE = "Role" LEVEL = "Measurement Level" COUNT = "Frequency Count";
21620      title9 ' ';
MPRINT(EM_DIAGRAM):   title9 ' ';
21621      title10 "%sysfunc(sasmsg(sashelp.dmine, rpt_varSummary_title  , NOQUOTE))";
MPRINT(EM_DIAGRAM):   title10 "Variable Summary";
MPRINT(EM_DIAGRAM):   run;
21622      run;

NOTE: There were 5 observations read from the data set WORK.VARSELMETA.
NOTE: The PROCEDURE PRINT printed page 1.
NOTE: PROCEDURE PRINT used (Total process time):
      real time           0.01 seconds
      cpu time            0.01 seconds
      

21623      title10;
MPRINT(EM_DIAGRAM):   title10;
21624      data WORK.M26ACASO;
MPRINT(EM_DIAGRAM):    data WORK.M26ACASO;
21625      set WORK.M26ACASO;
MPRINT(EM_DIAGRAM):   set WORK.M26ACASO;
21626      if role = 'TARGET' and use = 'Y' then do;
MPRINT(EM_DIAGRAM):   if role = 'TARGET' and use = 'Y' then do;
21627      role = 'TARGET';
MPRINT(EM_DIAGRAM):   role = 'TARGET';
21628      output;
MPRINT(EM_DIAGRAM):   output;
21629      end;
MPRINT(EM_DIAGRAM):   end;
21630      if role = 'INPUT' and use in ('Y','D','N') then do;
MPRINT(EM_DIAGRAM):   if role = 'INPUT' and use in ('Y','D','N') then do;
21631      role = 'INPUT';
MPRINT(EM_DIAGRAM):   role = 'INPUT';
21632      output;
MPRINT(EM_DIAGRAM):   output;
21633      end;
MPRINT(EM_DIAGRAM):   end;
21634      if role = 'REJECTED' and use = 'Y' then do;
MPRINT(EM_DIAGRAM):   if role = 'REJECTED' and use = 'Y' then do;
21635      role = 'INPUT';
MPRINT(EM_DIAGRAM):   role = 'INPUT';
21636      output;
MPRINT(EM_DIAGRAM):   output;
21637      end;
MPRINT(EM_DIAGRAM):   end;
21638      if role = 'FREQ' and use in ('Y', 'D') then do;
MPRINT(EM_DIAGRAM):   if role = 'FREQ' and use in ('Y', 'D') then do;
21639      role = 'FREQ';
MPRINT(EM_DIAGRAM):   role = 'FREQ';
21640      output;
MPRINT(EM_DIAGRAM):   output;
21641      end;
MPRINT(EM_DIAGRAM):   end;
21642      if role = 'REJECTED' and use in ('N', 'D') then do;
MPRINT(EM_DIAGRAM):   if role = 'REJECTED' and use in ('N', 'D') then do;
21643      role = 'REJECTED';
MPRINT(EM_DIAGRAM):   role = 'REJECTED';
21644      output;
MPRINT(EM_DIAGRAM):   output;
21645      end;
MPRINT(EM_DIAGRAM):   end;
21646      run;
MPRINT(EM_DIAGRAM):   run;

NOTE: There were 51 observations read from the data set WORK.M26ACASO.
NOTE: The data set WORK.M26ACASO has 51 observations and 21 variables.
NOTE: DATA statement used (Total process time):
      real time           0.01 seconds
      cpu time            0.01 seconds
      

21647      /*by pass cmeta */
21648      data WORK.M26ACASO;
MPRINT(EM_DIAGRAM):    data WORK.M26ACASO;
21649      set WORK.M26ACASO;
MPRINT(EM_DIAGRAM):   set WORK.M26ACASO;
21650      run;
MPRINT(EM_DIAGRAM):   run;

NOTE: There were 51 observations read from the data set WORK.M26ACASO.
NOTE: The data set WORK.M26ACASO has 51 observations and 21 variables.
NOTE: DATA statement used (Total process time):
      real time           0.01 seconds
      cpu time            0.01 seconds
      

21651      data WORK.M3WFSMXJ;
MPRINT(EM_DIAGRAM):    data WORK.M3WFSMXJ;
21652      set WORK.M3WFSMXJ;
MPRINT(EM_DIAGRAM):   set WORK.M3WFSMXJ;
21653      if role = 'INPUT' and use in ('N') then delete;
MPRINT(EM_DIAGRAM):   if role = 'INPUT' and use in ('N') then delete;
21654      if role = 'REJECTED' and use in ('N', 'D') then delete;
MPRINT(EM_DIAGRAM):   if role = 'REJECTED' and use in ('N', 'D') then delete;
21655      run;
MPRINT(EM_DIAGRAM):   run;

NOTE: There were 51 observations read from the data set WORK.M3WFSMXJ.
NOTE: The data set WORK.M3WFSMXJ has 48 observations and 21 variables.
NOTE: DATA statement used (Total process time):
      real time           0.01 seconds
      cpu time            0.00 seconds
      

NOTE: Run proc dmdb with the specified maxlevel criterion. 
21656      *------------------------------------------------------------* ;
MPRINT(EM_DIAGRAM):    *------------------------------------------------------------* ;
21657      * EM: DMDBClass Macro ;
MPRINT(EM_DIAGRAM):   * EM: DMDBClass Macro ;
21658      *------------------------------------------------------------* ;
MPRINT(EM_DIAGRAM):   *------------------------------------------------------------* ;
21659      %macro DMDBClass;
21660          CARD_PROM_12(ASC) CLUSTER_CODE(ASC) FREQUENCY_STATUS_97NK(ASC) HOME_OWNER(ASC)
21661         IMP_INCOME_GROUP(ASC) IMP_REP_SES(ASC) IMP_REP_URBANICITY(ASC)
21662         IMP_WEALTH_RATING(ASC) IN_HOUSE(ASC) OPT_LIFETIME_GIFT_COUNT(ASC)
21663         OPT_MEDIAN_HOME_VALUE(ASC) OPT_MEDIAN_HOUSEHOLD_INCOME(ASC)
21664         OPT_PER_CAPITA_INCOME(ASC) OPT_RECENT_RESPONSE_PROP(ASC)
21665         OPT_RECENT_STAR_STATUS(ASC) OVERLAY_SOURCE(ASC) PEP_STAR(ASC)
21666         PUBLISHED_PHONE(ASC) RECENCY_STATUS_96NK(ASC) RECENT_CARD_RESPONSE_COUNT(ASC)
21667         RECENT_RESPONSE_COUNT(ASC) REP_DONOR_GENDER(ASC) TARGET_B(DESC)
21668      %mend DMDBClass;
21669      *------------------------------------------------------------* ;
MPRINT(EM_DIAGRAM):   *------------------------------------------------------------* ;
21670      * EM: DMDBVar Macro ;
MPRINT(EM_DIAGRAM):   * EM: DMDBVar Macro ;
21671      *------------------------------------------------------------* ;
MPRINT(EM_DIAGRAM):   *------------------------------------------------------------* ;
21672      %macro DMDBVar;
21673          FILE_CARD_GIFT IMP_DONOR_AGE IMP_MONTHS_SINCE_LAST_PROM_RESP
21674         LG10_FILE_AVG_GIFT LG10_LAST_GIFT_AMT LG10_LIFETIME_AVG_GIFT_AMT
21675         LG10_LIFETIME_GIFT_AMOUNT LIFETIME_CARD_PROM LIFETIME_GIFT_RANGE
21676         LIFETIME_MAX_GIFT_AMT LIFETIME_MIN_GIFT_AMT LIFETIME_PROM
21677         MONTHS_SINCE_FIRST_GIFT MONTHS_SINCE_LAST_GIFT MONTHS_SINCE_ORIGIN MOR_HIT_RATE
21678         NUMBER_PROM_12 PCT_ATTRIBUTE1 PCT_ATTRIBUTE2 PCT_ATTRIBUTE3 PCT_ATTRIBUTE4
21679         PCT_OWNER_OCCUPIED RECENT_AVG_CARD_GIFT_AMT RECENT_AVG_GIFT_AMT
21680         RECENT_CARD_RESPONSE_PROP
21681      %mend DMDBVar;
21682      *------------------------------------------------------------*;
MPRINT(EM_DIAGRAM):   *------------------------------------------------------------*;
21683      * EM: Create DMDB;
MPRINT(EM_DIAGRAM):   * EM: Create DMDB;
21684      *------------------------------------------------------------*;
MPRINT(EM_DIAGRAM):   *------------------------------------------------------------*;
21685      libname _spdslib SPDE "C:\Users\jmmorr01\AppData\Local\Temp\SAS Temporary Files\_TD10008_COB-MBA045_\Prc2";
MPRINT(EM_DIAGRAM):   libname _spdslib SPDE "C:\Users\jmmorr01\AppData\Local\Temp\SAS Temporary Files\_TD10008_COB-MBA045_\Prc2";
NOTE: Libref _SPDSLIB was successfully assigned as follows: 
      Engine:        SPDE 
      Physical Name: C:\Users\jmmorr01\AppData\Local\Temp\SAS Temporary Files\_TD10008_COB-MBA045_\Prc2\
21686      proc dmdb batch data=EMWS1.Trans_TRAIN
21687      dmdbcat=WORK.EM_DMDB
21688      maxlevel = 101
21689      out=_spdslib.EM_DMDB
21690      ;
MPRINT(EM_DIAGRAM):   proc dmdb batch data=EMWS1.Trans_TRAIN dmdbcat=WORK.EM_DMDB maxlevel = 101 out=_spdslib.EM_DMDB ;
MPRINT(EM_DIAGRAM):   class
21691      class %DMDBClass;
MPRINT(DMDBCLASS):   CARD_PROM_12(ASC) CLUSTER_CODE(ASC) FREQUENCY_STATUS_97NK(ASC) HOME_OWNER(ASC) IMP_INCOME_GROUP(ASC) IMP_REP_SES(ASC) IMP_REP_URBANICITY(ASC) IMP_WEALTH_RATING(ASC) IN_HOUSE(ASC) OPT_LIFETIME_GIFT_COUNT(ASC) OPT_MEDIAN_HOME_VALUE(ASC) 
OPT_MEDIAN_HOUSEHOLD_INCOME(ASC) OPT_PER_CAPITA_INCOME(ASC) OPT_RECENT_RESPONSE_PROP(ASC) OPT_RECENT_STAR_STATUS(ASC) OVERLAY_SOURCE(ASC) PEP_STAR(ASC) PUBLISHED_PHONE(ASC) RECENCY_STATUS_96NK(ASC) RECENT_CARD_RESPONSE_COUNT(ASC) 
RECENT_RESPONSE_COUNT(ASC) REP_DONOR_GENDER(ASC) TARGET_B(DESC)
MPRINT(EM_DIAGRAM):  ;
MPRINT(EM_DIAGRAM):   var
21692      var %DMDBVar;
MPRINT(DMDBVAR):   FILE_CARD_GIFT IMP_DONOR_AGE IMP_MONTHS_SINCE_LAST_PROM_RESP LG10_FILE_AVG_GIFT LG10_LAST_GIFT_AMT LG10_LIFETIME_AVG_GIFT_AMT LG10_LIFETIME_GIFT_AMOUNT LIFETIME_CARD_PROM LIFETIME_GIFT_RANGE LIFETIME_MAX_GIFT_AMT LIFETIME_MIN_GIFT_AMT 
LIFETIME_PROM MONTHS_SINCE_FIRST_GIFT MONTHS_SINCE_LAST_GIFT MONTHS_SINCE_ORIGIN MOR_HIT_RATE NUMBER_PROM_12 PCT_ATTRIBUTE1 PCT_ATTRIBUTE2 PCT_ATTRIBUTE3 PCT_ATTRIBUTE4 PCT_OWNER_OCCUPIED RECENT_AVG_CARD_GIFT_AMT RECENT_AVG_GIFT_AMT 
RECENT_CARD_RESPONSE_PROP
MPRINT(EM_DIAGRAM):  ;
21693      target
21694      TARGET_B
21695      ;
MPRINT(EM_DIAGRAM):   target TARGET_B ;
21696      run;
MPRINT(EM_DIAGRAM):   run;

NOTE: Variable _WARN_ is uninitialized.
NOTE: Records processed = 10654   Memory used = 511K.
NOTE: There were 10654 observations read from the data set EMWS1.PART_TRAIN.
NOTE: There were 10654 observations read from the data set EMWS1.REPL_TRAIN.
NOTE: View EMWS1.TRANS_TRAIN.VIEW used (Total process time):
      real time           0.25 seconds
      cpu time            0.20 seconds
      
NOTE: There were 10654 observations read from the data set EMWS1.IMPT_TRAIN.
NOTE: There were 10654 observations read from the data set EMWS1.TRANS_TRAIN.
NOTE: The data set _SPDSLIB.EM_DMDB has 10654 observations and 48 variables.
NOTE: PROCEDURE DMDB used (Total process time):
      real time           0.28 seconds
      cpu time            0.20 seconds
      

MPRINT(EM_DIAGRAM):   quit;
21697      quit;

MPRINT(EM_DIAGRAM):   reset noprint;
MPRINT(EM_DIAGRAM):   select count(*) into :_tmpnobs from EMWS1.Trans_TRAIN;
NOTE: Variable _WARN_ is uninitialized.
NOTE: There were 10654 observations read from the data set EMWS1.PART_TRAIN.
NOTE: There were 10654 observations read from the data set EMWS1.REPL_TRAIN.
NOTE: View EMWS1.TRANS_TRAIN.VIEW used (Total process time):
      real time           0.12 seconds
      cpu time            0.12 seconds
      
NOTE: There were 10654 observations read from the data set EMWS1.IMPT_TRAIN.
MPRINT(EM_DIAGRAM):   quit;
21698      *------------------------------------------------------------* ;
MPRINT(EM_DIAGRAM):    *------------------------------------------------------------* ;
21699      * Varsel: Input Variables Macro ;
MPRINT(EM_DIAGRAM):   * Varsel: Input Variables Macro ;
21700      *------------------------------------------------------------* ;
MPRINT(EM_DIAGRAM):   *------------------------------------------------------------* ;
21701      %macro INPUTS;
21702                     CARD_PROM_12 CLUSTER_CODE FILE_CARD_GIFT FREQUENCY_STATUS_97NK HOME_OWNER
21703                    IMP_DONOR_AGE IMP_INCOME_GROUP IMP_MONTHS_SINCE_LAST_PROM_RESP IMP_REP_SES
21704                    IMP_REP_URBANICITY IMP_WEALTH_RATING IN_HOUSE LG10_FILE_AVG_GIFT
21705                    LG10_LAST_GIFT_AMT LG10_LIFETIME_AVG_GIFT_AMT LG10_LIFETIME_GIFT_AMOUNT
21706                    LIFETIME_CARD_PROM LIFETIME_GIFT_RANGE LIFETIME_MAX_GIFT_AMT
21707                    LIFETIME_MIN_GIFT_AMT LIFETIME_PROM MONTHS_SINCE_FIRST_GIFT
21708                    MONTHS_SINCE_LAST_GIFT MONTHS_SINCE_ORIGIN MOR_HIT_RATE NUMBER_PROM_12
21709                    OPT_LIFETIME_GIFT_COUNT OPT_MEDIAN_HOME_VALUE OPT_MEDIAN_HOUSEHOLD_INCOME
21710                    OPT_PER_CAPITA_INCOME OPT_RECENT_RESPONSE_PROP OPT_RECENT_STAR_STATUS
21711                    OVERLAY_SOURCE PCT_ATTRIBUTE1 PCT_ATTRIBUTE2 PCT_ATTRIBUTE3 PCT_ATTRIBUTE4
21712                    PCT_OWNER_OCCUPIED PEP_STAR PUBLISHED_PHONE RECENCY_STATUS_96NK
21713                    RECENT_AVG_CARD_GIFT_AMT RECENT_AVG_GIFT_AMT RECENT_CARD_RESPONSE_COUNT
21714         RECENT_CARD_RESPONSE_PROP RECENT_RESPONSE_COUNT REP_DONOR_GENDER
21715      %mend INPUTS;
21716      proc dmine data=_spdslib.EM_DMDB dmdbcat=WORK.EM_DMDB
21717      minr2=0.005 maxrows=3000 stopr2=0.0005 NOAOV16 NOINTER USEGROUPS OUTGROUP=EMWS1.Varsel_OUTGROUP outest=EMWS1.Varsel_OUTESTDMINE outeffect=EMWS1.Varsel_OUTEFFECT outrsquare =EMWS1.Varsel_OUTRSQUARE
21718      NOMONITOR
21719      PSHORT
21720      ;
MPRINT(EM_DIAGRAM):   proc dmine data=_spdslib.EM_DMDB dmdbcat=WORK.EM_DMDB minr2=0.005 maxrows=3000 stopr2=0.0005 NOAOV16 NOINTER USEGROUPS OUTGROUP=EMWS1.Varsel_OUTGROUP outest=EMWS1.Varsel_OUTESTDMINE outeffect=EMWS1.Varsel_OUTEFFECT outrsquare 
=EMWS1.Varsel_OUTRSQUARE NOMONITOR PSHORT ;
MPRINT(EM_DIAGRAM):   var
21721      var %INPUTS;
MPRINT(INPUTS):   CARD_PROM_12 CLUSTER_CODE FILE_CARD_GIFT FREQUENCY_STATUS_97NK HOME_OWNER IMP_DONOR_AGE IMP_INCOME_GROUP IMP_MONTHS_SINCE_LAST_PROM_RESP IMP_REP_SES IMP_REP_URBANICITY IMP_WEALTH_RATING IN_HOUSE LG10_FILE_AVG_GIFT LG10_LAST_GIFT_AMT 
LG10_LIFETIME_AVG_GIFT_AMT LG10_LIFETIME_GIFT_AMOUNT LIFETIME_CARD_PROM LIFETIME_GIFT_RANGE LIFETIME_MAX_GIFT_AMT LIFETIME_MIN_GIFT_AMT LIFETIME_PROM MONTHS_SINCE_FIRST_GIFT MONTHS_SINCE_LAST_GIFT MONTHS_SINCE_ORIGIN MOR_HIT_RATE NUMBER_PROM_12 
OPT_LIFETIME_GIFT_COUNT OPT_MEDIAN_HOME_VALUE OPT_MEDIAN_HOUSEHOLD_INCOME OPT_PER_CAPITA_INCOME OPT_RECENT_RESPONSE_PROP OPT_RECENT_STAR_STATUS OVERLAY_SOURCE PCT_ATTRIBUTE1 PCT_ATTRIBUTE2 PCT_ATTRIBUTE3 PCT_ATTRIBUTE4 PCT_OWNER_OCCUPIED PEP_STAR 
PUBLISHED_PHONE RECENCY_STATUS_96NK RECENT_AVG_CARD_GIFT_AMT RECENT_AVG_GIFT_AMT RECENT_CARD_RESPONSE_COUNT RECENT_CARD_RESPONSE_PROP RECENT_RESPONSE_COUNT REP_DONOR_GENDER
MPRINT(EM_DIAGRAM):  ;
21722      target TARGET_B;
MPRINT(EM_DIAGRAM):   target TARGET_B;
21723      code file="J:\JMMORR01\CIS 445\Tutorial 1\Charity\Workspaces\EMWS1\Varsel\EMFLOWSCORE.sas";
MPRINT(EM_DIAGRAM):   code file="J:\JMMORR01\CIS 445\Tutorial 1\Charity\Workspaces\EMWS1\Varsel\EMFLOWSCORE.sas";
21724      code file="J:\JMMORR01\CIS 445\Tutorial 1\Charity\Workspaces\EMWS1\Varsel\EMPUBLISHSCORE.sas";
MPRINT(EM_DIAGRAM):   code file="J:\JMMORR01\CIS 445\Tutorial 1\Charity\Workspaces\EMWS1\Varsel\EMPUBLISHSCORE.sas";
21725      run;
MPRINT(EM_DIAGRAM):   run;

NOTE: Checking database engine with sqluse...
NOTE: Number of threads reset to 1 because of fewer partitions.

Initial pass to compute R2s for all targets
10654 records read
NOTE: The full X'X matrix has 53 rows and columns.

Building X'X  for target: TARGET_B rows=54 memory=0.00 meg.
10654 records read
10654 records read
NOTE: External file J:\JMMORR01\CIS 445\Tutorial 1\Charity\Workspaces\EMWS1\Varsel\EMFLOWSCORE.sas opened.
NOTE: External file J:\JMMORR01\CIS 445\Tutorial 1\Charity\Workspaces\EMWS1\Varsel\EMPUBLISHSCORE.sas opened.
NOTE: There were 10654 observations read from the data set _SPDSLIB.EM_DMDB.
NOTE: The data set EMWS1.VARSEL_OUTGROUP has 100 observations and 8 variables.
NOTE: The data set EMWS1.VARSEL_OUTESTDMINE has 20 observations and 23 variables.
NOTE: The data set EMWS1.VARSEL_OUTEFFECT has 10 observations and 6 variables.
NOTE: The data set EMWS1.VARSEL_OUTRSQUARE has 536 observations and 4 variables.
NOTE: The PROCEDURE DMINE printed pages 2-7.
NOTE: PROCEDURE DMINE used (Total process time):
      real time           0.65 seconds
      cpu time            0.20 seconds
      

MPRINT(EM_DIAGRAM):   quit;
MPRINT(EM_DIAGRAM):   run;
21726      quit;
21727      /*      proc print data =EMWS1.Varsel_OUTEFFECT;      proc print data =EMWS1.Varsel_OUTRSQUARE;      */
21728      run;

21729      data EMWS1.Varsel_OUTESTDMINE;
MPRINT(EM_DIAGRAM):    data EMWS1.Varsel_OUTESTDMINE;
21730      set EMWS1.Varsel_OUTESTDMINE;
MPRINT(EM_DIAGRAM):   set EMWS1.Varsel_OUTESTDMINE;
21731      _uname_=upcase(_name_);
MPRINT(EM_DIAGRAM):   _uname_=upcase(_name_);
21732      run;
MPRINT(EM_DIAGRAM):   run;

NOTE: There were 20 observations read from the data set EMWS1.VARSEL_OUTESTDMINE.
NOTE: The data set EMWS1.VARSEL_OUTESTDMINE has 20 observations and 24 variables.
NOTE: DATA statement used (Total process time):
      real time           0.09 seconds
      cpu time            0.01 seconds
      

21733      proc sql;
MPRINT(EM_DIAGRAM):    proc sql;
21734      create table _tmpoutgroup as select distinct VARIABLE from EMWS1.Varsel_OUTGROUP where VARTYPE='GROUP';
MPRINT(EM_DIAGRAM):   create table _tmpoutgroup as select distinct VARIABLE from EMWS1.Varsel_OUTGROUP where VARTYPE='GROUP';
NOTE: Table WORK._TMPOUTGROUP created, with 5 rows and 1 columns.

21735      quit;
MPRINT(EM_DIAGRAM):   quit;
NOTE: PROCEDURE SQL used (Total process time):
      real time           0.34 seconds
      cpu time            0.01 seconds
      

MPRINT(EM_DIAGRAM):   run;
21736      run;

21737      data EMWS1.Varsel_OUTAOV16;
MPRINT(EM_DIAGRAM):    data EMWS1.Varsel_OUTAOV16;
21738      set EMWS1.Varsel_OUTGROUP;
MPRINT(EM_DIAGRAM):   set EMWS1.Varsel_OUTGROUP;
21739      if STRIP(VARTYPE) eq 'AOV16' then output;
MPRINT(EM_DIAGRAM):   if STRIP(VARTYPE) eq 'AOV16' then output;
21740      DROP VARTYPE LEVEL LEVEL2 VARIABLE2;
MPRINT(EM_DIAGRAM):   DROP VARTYPE LEVEL LEVEL2 VARIABLE2;
21741      label NAME= "Name";
MPRINT(EM_DIAGRAM):   label NAME= "Name";
21742      label GROUP = "Group";
MPRINT(EM_DIAGRAM):   label GROUP = "Group";
21743      label VARIABLE = "Variable";
MPRINT(EM_DIAGRAM):   label VARIABLE = "Variable";
21744      label BIN = "Bin Cutoff";
MPRINT(EM_DIAGRAM):   label BIN = "Bin Cutoff";
21745      run;
MPRINT(EM_DIAGRAM):   run;

NOTE: There were 100 observations read from the data set EMWS1.VARSEL_OUTGROUP.
NOTE: The data set EMWS1.VARSEL_OUTAOV16 has 0 observations and 4 variables.
NOTE: DATA statement used (Total process time):
      real time           0.14 seconds
      cpu time            0.01 seconds
      

21746      data EMWS1.Varsel_OUTGINT;
MPRINT(EM_DIAGRAM):   data EMWS1.Varsel_OUTGINT;
21747      set EMWS1.Varsel_OUTGROUP;
MPRINT(EM_DIAGRAM):   set EMWS1.Varsel_OUTGROUP;
21748      if STRIP(VARTYPE) eq 'GINTER' then output;
MPRINT(EM_DIAGRAM):   if STRIP(VARTYPE) eq 'GINTER' then output;
21749      DROP VARTYPE BIN;
MPRINT(EM_DIAGRAM):   DROP VARTYPE BIN;
21750      label NAME= "Name";
MPRINT(EM_DIAGRAM):   label NAME= "Name";
21751      label GROUP = "Group";
MPRINT(EM_DIAGRAM):   label GROUP = "Group";
21752      label VARIABLE = "Variable 1";
MPRINT(EM_DIAGRAM):   label VARIABLE = "Variable 1";
21753      label VARIABLE2 = "Variable 2";
MPRINT(EM_DIAGRAM):   label VARIABLE2 = "Variable 2";
21754      label LEVEL = "Level 1";
MPRINT(EM_DIAGRAM):   label LEVEL = "Level 1";
21755      label LEVEL2 = "Level 2";
MPRINT(EM_DIAGRAM):   label LEVEL2 = "Level 2";
21756      run;
MPRINT(EM_DIAGRAM):   run;

NOTE: There were 100 observations read from the data set EMWS1.VARSEL_OUTGROUP.
NOTE: The data set EMWS1.VARSEL_OUTGINT has 0 observations and 6 variables.
NOTE: DATA statement used (Total process time):
      real time           0.10 seconds
      cpu time            0.01 seconds
      

21757      data EMWS1.Varsel_OUTGVAR;
MPRINT(EM_DIAGRAM):   data EMWS1.Varsel_OUTGVAR;
21758      set EMWS1.Varsel_OUTGROUP;
MPRINT(EM_DIAGRAM):   set EMWS1.Varsel_OUTGROUP;
21759      if STRIP(VARTYPE) eq 'GROUP' then output;
MPRINT(EM_DIAGRAM):   if STRIP(VARTYPE) eq 'GROUP' then output;
21760      DROP VARTYPE BIN VARIABLE2 LEVEL2;
MPRINT(EM_DIAGRAM):   DROP VARTYPE BIN VARIABLE2 LEVEL2;
21761      label NAME= "Name";
MPRINT(EM_DIAGRAM):   label NAME= "Name";
21762      label GROUP = "Group";
MPRINT(EM_DIAGRAM):   label GROUP = "Group";
21763      label VARIABLE = "Variable";
MPRINT(EM_DIAGRAM):   label VARIABLE = "Variable";
21764      label LEVEL = "Level";
MPRINT(EM_DIAGRAM):   label LEVEL = "Level";
21765      run;
MPRINT(EM_DIAGRAM):   run;

NOTE: There were 100 observations read from the data set EMWS1.VARSEL_OUTGROUP.
NOTE: The data set EMWS1.VARSEL_OUTGVAR has 100 observations and 4 variables.
NOTE: DATA statement used (Total process time):
      real time           0.12 seconds
      cpu time            0.04 seconds
      

MPRINT(EM_DIAGRAM):   quit;
21766      quit;

21767      options nonotes nosource;
MPRINT(EM_DIAGRAM):    options nonotes nosource;
MPRINT(EM_DIAGRAM):   data _null_;
MPRINT(EM_DIAGRAM):   file print;
MPRINT(EM_DIAGRAM):   put ' ';
MPRINT(EM_DIAGRAM):   put '-------------------------------------------------------------------';
MPRINT(EM_DIAGRAM):   put "Summary of Variable Selection from Training";
MPRINT(EM_DIAGRAM):   put '-------------------------------------------------------------------';
MPRINT(EM_DIAGRAM):   put ' ';
MPRINT(EM_DIAGRAM):   put ' ';
MPRINT(EM_DIAGRAM):   put "Target Name : TARGET_B";
MPRINT(EM_DIAGRAM):   put "Target Level : BINARY";
MPRINT(EM_DIAGRAM):   put "Variable Selection Model : R-Square";
MPRINT(EM_DIAGRAM):   put '  ';
MPRINT(EM_DIAGRAM):   put "Total number of inputs : 47";
MPRINT(EM_DIAGRAM):   put "Total number of used inputs : 47";
MPRINT(EM_DIAGRAM):   put "Total number of unused inputs : 0";
MPRINT(EM_DIAGRAM):   put "Total number of rejected inputs : 42";
MPRINT(EM_DIAGRAM):   put ' ';
MPRINT(EM_DIAGRAM):   put "Maximum missing percentage : 50";
MPRINT(EM_DIAGRAM):   put "NOTE: There is no rejected variable by maximum missing percentage";
MPRINT(EM_DIAGRAM):   put ' ';
MPRINT(EM_DIAGRAM):   put "Maximum class level : 100";
MPRINT(EM_DIAGRAM):   put "NOTE:There is no rejected variable by maximum class level";
MPRINT(EM_DIAGRAM):   put ' ';
MPRINT(EM_DIAGRAM):   put "NOTE: 5 group variables have been created";
MPRINT(EM_DIAGRAM):   options notes source;
MPRINT(EM_DIAGRAM):   run;
21793      run;

NOTE: 15 lines were written to file PRINT.
NOTE: The DATA step printed page 8.
NOTE: DATA statement used (Total process time):
      real time           0.03 seconds
      cpu time            0.03 seconds
      

21794      data EMWS1.Varsel_RESULTEDVARS;
MPRINT(EM_DIAGRAM):    data EMWS1.Varsel_RESULTEDVARS;
21795      run;
MPRINT(EM_DIAGRAM):   run;

NOTE: The data set EMWS1.VARSEL_RESULTEDVARS has 1 observations and 0 variables.
NOTE: DATA statement used (Total process time):
      real time           0.09 seconds
      cpu time            0.03 seconds
      

21796      libname _spdslib;
MPRINT(EM_DIAGRAM):    libname _spdslib;
NOTE: Libref _SPDSLIB has been deassigned.
21797      *;
MPRINT(EM_DIAGRAM):    *;
21798      data EMWS1.Varsel_EMSCOREVAR;
MPRINT(EM_DIAGRAM):   data EMWS1.Varsel_EMSCOREVAR;
21799      length Name $32 formula $70 file $200;
MPRINT(EM_DIAGRAM):   length Name $32 formula $70 file $200;
21800      keep NAME Formula file;
MPRINT(EM_DIAGRAM):   keep NAME Formula file;
21801      name = "G_CARD_PROM_12";
MPRINT(EM_DIAGRAM):   name = "G_CARD_PROM_12";
21802      file="VARSELCODE\G_CARD_PROM_12.sas";
MPRINT(EM_DIAGRAM):   file="VARSELCODE\G_CARD_PROM_12.sas";
21803      output;
MPRINT(EM_DIAGRAM):   output;
21804      name = "G_CLUSTER_CODE";
MPRINT(EM_DIAGRAM):   name = "G_CLUSTER_CODE";
21805      file="VARSELCODE\G_CLUSTER_CODE.sas";
MPRINT(EM_DIAGRAM):   file="VARSELCODE\G_CLUSTER_CODE.sas";
21806      output;
MPRINT(EM_DIAGRAM):   output;
21807      name = "G_RECENCY_STATUS_96NK";
MPRINT(EM_DIAGRAM):   name = "G_RECENCY_STATUS_96NK";
21808      file="VARSELCODE\G_RECENCY_STATUS_96NK.sas";
MPRINT(EM_DIAGRAM):   file="VARSELCODE\G_RECENCY_STATUS_96NK.sas";
21809      output;
MPRINT(EM_DIAGRAM):   output;
21810      name = "G_RECENT_CARD_RESPONSE_COUNT";
MPRINT(EM_DIAGRAM):   name = "G_RECENT_CARD_RESPONSE_COUNT";
21811      file="VARSELCODE\G_RECENT_CARD_RESPONSE_COUNT.sas";
MPRINT(EM_DIAGRAM):   file="VARSELCODE\G_RECENT_CARD_RESPONSE_COUNT.sas";
21812      output;
MPRINT(EM_DIAGRAM):   output;
21813      name = "G_RECENT_RESPONSE_COUNT";
MPRINT(EM_DIAGRAM):   name = "G_RECENT_RESPONSE_COUNT";
21814      file="VARSELCODE\G_RECENT_RESPONSE_COUNT.sas";
MPRINT(EM_DIAGRAM):   file="VARSELCODE\G_RECENT_RESPONSE_COUNT.sas";
21815      output;
MPRINT(EM_DIAGRAM):   output;
21816      run;
MPRINT(EM_DIAGRAM):   run;

NOTE: Variable formula is uninitialized.
NOTE: The data set EMWS1.VARSEL_EMSCOREVAR has 5 observations and 3 variables.
NOTE: DATA statement used (Total process time):
      real time           0.10 seconds
      cpu time            0.03 seconds
      

MPRINT(EM_DIAGRAM):    proc printto;
MPRINT(EM_DIAGRAM):   run;
