MPRINT(EM_DIAGRAM):    data _null_;
MPRINT(EM_DIAGRAM):   call symput('NLDATE', strip(put(date(), NLDATE.)));
MPRINT(EM_DIAGRAM):   call symput('NLTIME', strip(put(datetime(), NLTIME.)));
MPRINT(EM_DIAGRAM):   run;
MPRINT(EM_DIAGRAM):   data _null_;
MPRINT(EM_DIAGRAM):   nldate= sasmsg("sashelp.dmine", "log_date_note", 'N', "October 20, 2018" );
MPRINT(EM_DIAGRAM):   nltime= sasmsg("sashelp.dmine", "log_time_note", 'N', "16:28:15" );
MPRINT(EM_DIAGRAM):   put "*------------------------------------------------------------*";
MPRINT(EM_DIAGRAM):   put "* Training Log";
MPRINT(EM_DIAGRAM):   put nldate;
MPRINT(EM_DIAGRAM):   put nltime;
MPRINT(EM_DIAGRAM):   put "*------------------------------------------------------------*";
MPRINT(EM_DIAGRAM):   run;
*------------------------------------------------------------*
* Training Log
Date:                October 20, 2018
Time:                16:28:15
*------------------------------------------------------------*
MPRINT(EM_DIAGRAM):    filename O2_WLTTG "J:\JMMORR01\CIS 445\Tutorial 1\Charity\Workspaces\EMWS1\Reg\EMTRAIN.out" encoding="UTF-8" NOBOM;
MPRINT(EM_DIAGRAM):   proc printto print=O2_WLTTG new;
MPRINT(EM_DIAGRAM):   run;
MPRINT(EM_DIAGRAM):    filename _LOG "J:\JMMORR01\CIS 445\Tutorial 1\Charity\Workspaces\EMWS1\Reg\EMLOG.log" encoding="UTF-8" NOBOM;
MPRINT(EM_DIAGRAM):    data _null_;
MPRINT(EM_DIAGRAM):   call symput('NLDATE', strip(put(date(), NLDATE.)));
MPRINT(EM_DIAGRAM):   call symput('NLTIME', strip(put(datetime(), NLTIME.)));
MPRINT(EM_DIAGRAM):   run;
MPRINT(EM_DIAGRAM):   data _null_;
MPRINT(EM_DIAGRAM):   nldate= sasmsg("sashelp.dmine", "log_date_note", 'N', "October 20, 2018" );
MPRINT(EM_DIAGRAM):   nltime= sasmsg("sashelp.dmine", "log_time_note", 'N', "16:28:15" );
MPRINT(EM_DIAGRAM):   file _LOG;
MPRINT(EM_DIAGRAM):   put "*------------------------------------------------------------*";
MPRINT(EM_DIAGRAM):   put "User:                jmmorr01";
MPRINT(EM_DIAGRAM):   put nldate;
MPRINT(EM_DIAGRAM):   put nltime;
MPRINT(EM_DIAGRAM):   put "Site:                70080761";
MPRINT(EM_DIAGRAM):   put "Platform:            X64_8PRO";
MPRINT(EM_DIAGRAM):   put "Maintenance Release: 9.04.01M3P062415";
MPRINT(EM_DIAGRAM):   put "EM Version:          14.1";
MPRINT(EM_DIAGRAM):   put "* ";
MPRINT(EM_DIAGRAM):   run;
MPRINT(EM_DIAGRAM):    filename _LOGIN "J:\JMMORR01\CIS 445\Tutorial 1\Charity\Workspaces\EMWS1\Reg\EMTRAIN.log" encoding="UTF-8" NOBOM;
MPRINT(EM_COPYFILE):   data _null_;
MPRINT(EM_COPYFILE):   length line $20000;
MPRINT(EM_COPYFILE):   file _LOG MOD lrecl=20000;
MPRINT(EM_COPYFILE):   fid=fopen("_LOGIN",'i',20000,'v');
MPRINT(EM_COPYFILE):   if fid > 0 then do;
MPRINT(EM_COPYFILE):   do while(^fread(fid));
MPRINT(EM_COPYFILE):   rlen = frlen(fid);
MPRINT(EM_COPYFILE):   rc= fget(fid,line,20000);
MPRINT(EM_COPYFILE):   start = length(line)-length(left(line))+1;
MPRINT(EM_COPYFILE):   line=strip(line);
MPRINT(EM_COPYFILE):   put @start line;
MPRINT(EM_COPYFILE):   end;
MPRINT(EM_COPYFILE):   if fid > 0 then rc=fclose(fid);
MPRINT(EM_COPYFILE):   end;
MPRINT(EM_COPYFILE):   run;
MPRINT(EM_DIAGRAM):  ;
MPRINT(EM_DIAGRAM):   filename _LOGIN;
MPRINT(EM_DIAGRAM):    data _null_;
MPRINT(EM_DIAGRAM):   file _LOG mod;
MPRINT(EM_DIAGRAM):   put _page_;
MPRINT(EM_DIAGRAM):   run;
MPRINT(EM_DIAGRAM):   filename _LOGIN "J:\JMMORR01\CIS 445\Tutorial 1\Charity\Workspaces\EMWS1\Reg\EMSCORE.log" encoding="UTF-8" NOBOM;
MPRINT(EM_DIAGRAM):  ;
MPRINT(EM_DIAGRAM):   data _null_;
MPRINT(EM_DIAGRAM):   file _LOG mod;
MPRINT(EM_DIAGRAM):   put _page_;
MPRINT(EM_DIAGRAM):   run;
MPRINT(EM_DIAGRAM):    filename _LOGIN "J:\JMMORR01\CIS 445\Tutorial 1\Charity\Workspaces\EMWS1\Reg\EMREPORT.log" encoding="UTF-8" NOBOM;
MPRINT(EM_DIAGRAM):  ;
MPRINT(EM_DIAGRAM):   filename _LOGIN;
MPRINT(EM_DIAGRAM):    filename _LOG;
MPRINT(EM_DIAGRAM):    filename _OUT "J:\JMMORR01\CIS 445\Tutorial 1\Charity\Workspaces\EMWS1\Reg\EMOUTPUT.out" encoding="UTF-8" NOBOM;
MPRINT(EM_DIAGRAM):    data _null_;
MPRINT(EM_DIAGRAM):   call symput('NLDATE', strip(put(date(), NLDATE.)));
MPRINT(EM_DIAGRAM):   call symput('NLTIME', strip(put(datetime(), NLTIME.)));
MPRINT(EM_DIAGRAM):   run;
MPRINT(EM_DIAGRAM):   data _null_;
MPRINT(EM_DIAGRAM):   nldate= sasmsg("sashelp.dmine", "log_date_note", 'N', "October 20, 2018" );
MPRINT(EM_DIAGRAM):   nltime= sasmsg("sashelp.dmine", "log_time_note", 'N', "16:28:15" );
MPRINT(EM_DIAGRAM):   file _OUT;
MPRINT(EM_DIAGRAM):   put "*------------------------------------------------------------*";
MPRINT(EM_DIAGRAM):   put "User:                jmmorr01";
MPRINT(EM_DIAGRAM):   put nldate;
MPRINT(EM_DIAGRAM):   put nltime;
MPRINT(EM_DIAGRAM):   put "*------------------------------------------------------------*";
MPRINT(EM_DIAGRAM):   put "* Training Output";
MPRINT(EM_DIAGRAM):   put "*------------------------------------------------------------*";
MPRINT(EM_DIAGRAM):   run;
MPRINT(EM_DIAGRAM):    filename _OUTIN "J:\JMMORR01\CIS 445\Tutorial 1\Charity\Workspaces\EMWS1\Reg\EMTRAIN.out" encoding="UTF-8" NOBOM;
MPRINT(EM_DIAGRAM):   ;
MPRINT(EM_COPYFILE):   data _null_;
MPRINT(EM_COPYFILE):   length line $20000;
MPRINT(EM_COPYFILE):   file _OUT MOD lrecl=20000;
MPRINT(EM_COPYFILE):   fid=fopen("_OUTIN",'i',20000,'v');
MPRINT(EM_COPYFILE):   if fid > 0 then do;
MPRINT(EM_COPYFILE):   do while(^fread(fid));
MPRINT(EM_COPYFILE):   rlen = frlen(fid);
MPRINT(EM_COPYFILE):   rc= fget(fid,line,20000);
MPRINT(EM_COPYFILE):   start = length(line)-length(left(line))+1;
MPRINT(EM_COPYFILE):   line=strip(line);
MPRINT(EM_COPYFILE):   put @start line;
MPRINT(EM_COPYFILE):   end;
MPRINT(EM_COPYFILE):   if fid > 0 then rc=fclose(fid);
MPRINT(EM_COPYFILE):   end;
MPRINT(EM_COPYFILE):   run;
MPRINT(EM_DIAGRAM):  ;
MPRINT(EM_DIAGRAM):   filename _OUTIN;
MPRINT(EM_DIAGRAM):    data _null_;
MPRINT(EM_DIAGRAM):   file _OUT mod;
MPRINT(EM_DIAGRAM):   put _page_;
MPRINT(EM_DIAGRAM):   put // "*------------------------------------------------------------*";
MPRINT(EM_DIAGRAM):   put "* Score Output";
MPRINT(EM_DIAGRAM):   put "*------------------------------------------------------------*";
MPRINT(EM_DIAGRAM):   run;
MPRINT(EM_DIAGRAM):    filename _OUTIN "J:\JMMORR01\CIS 445\Tutorial 1\Charity\Workspaces\EMWS1\Reg\EMSCORE.out" encoding="UTF-8" NOBOM;
MPRINT(EM_DIAGRAM):  ;
MPRINT(EM_DIAGRAM):   filename _OUTIN;
MPRINT(EM_DIAGRAM):    data _null_;
MPRINT(EM_DIAGRAM):   file _OUT mod;
MPRINT(EM_DIAGRAM):   put _page_;
MPRINT(EM_DIAGRAM):   put // "*------------------------------------------------------------*";
MPRINT(EM_DIAGRAM):   put "* Report Output";
MPRINT(EM_DIAGRAM):   put "*------------------------------------------------------------*";
MPRINT(EM_DIAGRAM):   run;
MPRINT(EM_DIAGRAM):    filename _OUTIN "J:\JMMORR01\CIS 445\Tutorial 1\Charity\Workspaces\EMWS1\Reg\EMREPORT.out" encoding="UTF-8" NOBOM;
MPRINT(EM_DIAGRAM):  ;
MPRINT(EM_DIAGRAM):   filename _OUTIN;
MPRINT(EM_DIAGRAM):    filename _OUT;
MPRINT(EM_DIAGRAM):    filename _emtool_ 'J:\JMMORR01\CIS 445\Tutorial 1\Charity\Workspaces\EMWS1\Reg\EMRUNSTATUS.xml' encoding="UTF-8" NOBOM;
MPRINT(EM_DIAGRAM):    filename _emtool_ 'J:\JMMORR01\CIS 445\Tutorial 1\Charity\Workspaces\EMWS1\Reg\EMRUNSTATUS.xml' encoding="UTF-8" NOBOM;
21597      proc freq data=EMWS1.Reg_VariableSet noprint;
MPRINT(EM_DIAGRAM):    proc freq data=EMWS1.Reg_VariableSet noprint;
21598      table ROLE*LEVEL/out=WORK.RegMETA;
MPRINT(EM_DIAGRAM):   table ROLE*LEVEL/out=WORK.RegMETA;
21599      run;
MPRINT(EM_DIAGRAM):   run;

NOTE: There were 51 observations read from the data set EMWS1.REG_VARIABLESET.
NOTE: The data set WORK.REGMETA has 5 observations and 4 variables.
NOTE: PROCEDURE FREQ used (Total process time):
      real time           0.09 seconds
      cpu time            0.01 seconds
      

21600      proc print data=WORK.RegMETA label noobs;
MPRINT(EM_DIAGRAM):   proc print data=WORK.RegMETA label noobs;
21601      var ROLE LEVEL COUNT;
MPRINT(EM_DIAGRAM):   var ROLE LEVEL COUNT;
21602      label ROLE = "%sysfunc(sasmsg(sashelp.dmine, meta_role_vlabel, NOQUOTE))" LEVEL = "%sysfunc(sasmsg(sashelp.dmine, meta_level_vlabel, NOQUOTE))" COUNT = "%sysfunc(sasmsg(sashelp.dmine, rpt_count_vlabel, NOQUOTE))";
MPRINT(EM_DIAGRAM):   label ROLE = "Role" LEVEL = "Measurement Level" COUNT = "Frequency Count";
21603      title9 ' ';
MPRINT(EM_DIAGRAM):   title9 ' ';
21604      title10 "%sysfunc(sasmsg(sashelp.dmine, rpt_varSummary_title  , NOQUOTE))";
MPRINT(EM_DIAGRAM):   title10 "Variable Summary";
MPRINT(EM_DIAGRAM):   run;
21605      run;

NOTE: There were 5 observations read from the data set WORK.REGMETA.
NOTE: The PROCEDURE PRINT printed page 1.
NOTE: PROCEDURE PRINT used (Total process time):
      real time           0.01 seconds
      cpu time            0.01 seconds
      

21606      title10;
MPRINT(EM_DIAGRAM):   title10;
21607      %let EMNORLEN = %DMNORLEN;
MPRINT(EM_DIAGRAM):   
EMWS1.Trans_TRAIN EMWS1.Trans_TRAIN 
EMWS1.Trans_TRAIN EMWS1.Trans_TRAIN EMWS1 Trans_TRAIN 
EMWS1.Trans_TRAIN EMWS1.Trans_TRAIN 
EMWS1.Trans_TRAIN EMWS1.Trans_TRAIN EMWS1 Trans_TRAIN 
MPRINT(EM_DIAGRAM):    proc dmdb data=EMWS1.Trans_TRAIN classout=WORK._DMDBCLASSTARGET(keep=NAME NRAW CRAW LEVEL FREQUENCY NMISSPERCENT);
MPRINT(EM_DIAGRAM):   class TARGET_B(DESC) ;
MPRINT(EM_DIAGRAM):   run;
Executing  SASHELP.EMCORE.EMINFOITERATOR.SCL _INIT >> 
Executing  SASHELP.EMCORE.EMINFOITERATOR.SCL setMetaData >> 
Executing  SASHELP.EMCORE.EMINFOITERATOR.SCL next >> 
Executing  SASHELP.EMCORE.EMINFOITERATOR.SCL next >> 
Executing  SASHELP.EMCORE.EMINFOITERATOR.SCL setMetaData >> 
Executing  SASHELP.EMCORE.EMINFOITERATOR.SCL next >> 
Executing  SASHELP.EMCORE.EMINFOITERATOR.SCL next >> 
Executing  SASHELP.EMCORE.EMINFOITERATOR.SCL _term >> 
MPRINT(EM_DIAGRAM):    data _null_;
MPRINT(EM_DIAGRAM):   set WORK._DMDBCLASSTARGET;
MPRINT(EM_DIAGRAM):   where ^(NRAW eq . and CRAW eq '') and NAME="TARGET_B";
MPRINT(EM_DIAGRAM):   if _N_=1 then call symput('_newevent', strip(LEVEL));
MPRINT(EM_DIAGRAM):   run;
MPRINT(EM_DIAGRAM):   proc sort data=WORK._DMDBCLASSTARGET out=_TEMPCLASS(keep=LEVEL FREQUENCY NMISSPERCENT rename=(LEVEL=TARGET_B));
MPRINT(EM_DIAGRAM):   by LEVEL;
MPRINT(EM_DIAGRAM):   where ^(NRAW eq . and CRAW eq '') and NAME="TARGET_B";
MPRINT(EM_DIAGRAM):   run;
MPRINT(EM_DIAGRAM):   data _TEMPCLASS;
MPRINT(EM_DIAGRAM):   set _TEMPCLASS;
MPRINT(EM_DIAGRAM):   NMISSPERCENT= NMISSPERCENT/100;
MPRINT(EM_DIAGRAM):   run;
MPRINT(EM_DIAGRAM):    proc sort data=EMWS1.Ids_TARGET_B_DD out=_sortedDecdata;
MPRINT(EM_DIAGRAM):   by TARGET_B;
MPRINT(EM_DIAGRAM):   run;
MPRINT(EM_DIAGRAM):   data _null_;
MPRINT(EM_DIAGRAM):   merge _TEMPCLASS(in=_a) _sortedDecdata(in=_b);
MPRINT(EM_DIAGRAM):   by TARGET_B;
MPRINT(EM_DIAGRAM):   if (_a and ^_b) or (^_a and _b) then call symput('_emresetDec', '1');
MPRINT(EM_DIAGRAM):   run;
21636      data WORK.Reg_EVENT(KEEP=VARIABLE LABEL LEVEL EVENT NUMLEVELS ORDER);
MPRINT(EM_DIAGRAM):    data WORK.Reg_EVENT(KEEP=VARIABLE LABEL LEVEL EVENT NUMLEVELS ORDER);
21637      length ORDER $20;
MPRINT(EM_DIAGRAM):   length ORDER $20;
21638      label VARIABLE = "%sysfunc(sasmsg(sashelp.dmine, rpt_target_vlabel,  NOQUOTE))" EVENT = "%sysfunc(sasmsg(sashelp.dmine, assmt_event_vlabel, NOQUOTE))" NUMLEVELS = "%sysfunc(sasmsg(sashelp.dmine, rpt_numcat_vlabel, NOQUOTE))" LEVEL =
21639         "%sysfunc(sasmsg(sashelp.dmine, meta_level_vlabel, NOQUOTE))" ORDER = "%sysfunc(sasmsg(sashelp.dmine, meta_order_vlabel, NOQUOTE))" LABEL = "%sysfunc(sasmsg(sashelp.dmine, meta_label_vlabel, NOQUOTE))";
MPRINT(EM_DIAGRAM):   label VARIABLE = "Target" EVENT = "Event" NUMLEVELS = "Number of Levels" LEVEL = "Measurement Level" ORDER = "Order" LABEL = "Label";
21640      set EMWS1.IDS_TARGET_B_DM( where=(_TYPE_="TARGET"));
MPRINT(EM_DIAGRAM):   set EMWS1.IDS_TARGET_B_DM( where=(_TYPE_="TARGET"));
21641      NumLevels=2;
MPRINT(EM_DIAGRAM):   NumLevels=2;
21642      select(upcase(ORDER));
MPRINT(EM_DIAGRAM):   select(upcase(ORDER));
21643      when('DESC') ORDER = 'Descending';
MPRINT(EM_DIAGRAM):   when('DESC') ORDER = 'Descending';
21644      when('ASC') ORDER = 'Ascending';
MPRINT(EM_DIAGRAM):   when('ASC') ORDER = 'Ascending';
21645      when('FMTDESC') ORDER = 'Formatted Descending';
MPRINT(EM_DIAGRAM):   when('FMTDESC') ORDER = 'Formatted Descending';
21646      when('FMTASC') ORDER = 'Formatted Ascending';
MPRINT(EM_DIAGRAM):   when('FMTASC') ORDER = 'Formatted Ascending';
21647      otherwise ORDER = 'Descending';
MPRINT(EM_DIAGRAM):   otherwise ORDER = 'Descending';
21648      end;
MPRINT(EM_DIAGRAM):   end;
21649      output;
MPRINT(EM_DIAGRAM):   output;
21650      run;
MPRINT(EM_DIAGRAM):   run;

NOTE: There were 1 observations read from the data set EMWS1.IDS_TARGET_B_DM.
      WHERE _TYPE_='TARGET';
NOTE: The data set WORK.REG_EVENT has 1 observations and 6 variables.
NOTE: DATA statement used (Total process time):
      real time           0.04 seconds
      cpu time            0.01 seconds
      

21651      title9 ' ';
MPRINT(EM_DIAGRAM):   title9 ' ';
21652      proc print data=WORK.Reg_EVENT noobs label;
MPRINT(EM_DIAGRAM):   proc print data=WORK.Reg_EVENT noobs label;
21653      var VARIABLE EVENT LEVEL NUMLEVELS ORDER LABEL;
MPRINT(EM_DIAGRAM):   var VARIABLE EVENT LEVEL NUMLEVELS ORDER LABEL;
21654      title9 ' ';
MPRINT(EM_DIAGRAM):   title9 ' ';
21655      title10 "%sysfunc(sasmsg(sashelp.dmine, rpt_modelEvent_title  , NOQUOTE))";
MPRINT(EM_DIAGRAM):   title10 "Model Events";
MPRINT(EM_DIAGRAM):   run;
21656      run;

NOTE: There were 1 observations read from the data set WORK.REG_EVENT.
NOTE: The PROCEDURE PRINT printed page 2.
NOTE: PROCEDURE PRINT used (Total process time):
      real time           0.01 seconds
      cpu time            0.01 seconds
      

21657      title10;
MPRINT(EM_DIAGRAM):   title10;
21658      proc print data = EMWS1.Ids_TARGET_B_DD noobs label;
MPRINT(EM_DIAGRAM):    proc print data = EMWS1.Ids_TARGET_B_DD noobs label;
21659      var TARGET_B
21660      TRAINPRIOR
21661      DECISION1
21662      DECISION2
21663      DECPRIOR
21664      ;
MPRINT(EM_DIAGRAM):   var TARGET_B TRAINPRIOR DECISION1 DECISION2 DECPRIOR ;
21665      title9 ' ';
MPRINT(EM_DIAGRAM):   title9 ' ';
21666      title10 "Decision Matrix and Prior Vector";
MPRINT(EM_DIAGRAM):   title10 "Decision Matrix and Prior Vector";
MPRINT(EM_DIAGRAM):   run;
21667      run;

NOTE: There were 2 observations read from the data set EMWS1.IDS_TARGET_B_DD.
NOTE: The PROCEDURE PRINT printed page 3.
NOTE: PROCEDURE PRINT used (Total process time):
      real time           0.00 seconds
      cpu time            0.00 seconds
      

21668      title10;
MPRINT(EM_DIAGRAM):   title10;
21669      proc print data = EMWS1.Ids_TARGET_B_DM noobs label;
MPRINT(EM_DIAGRAM):   proc print data = EMWS1.Ids_TARGET_B_DM noobs label;
21670      var _type_ variable label;
MPRINT(EM_DIAGRAM):   var _type_ variable label;
21671      where _type_ ^in('MATRIX', 'DECISION', 'TRAINPRIOR', 'DATAPRIOR', 'DECPRIOR');
MPRINT(EM_DIAGRAM):   where _type_ ^in('MATRIX', 'DECISION', 'TRAINPRIOR', 'DATAPRIOR', 'DECPRIOR');
21672      label _TYPE_ = "%sysfunc(sasmsg(sashelp.dmine, rpt_type_vlabel,     NOQUOTE))" VARIABLE = "%sysfunc(sasmsg(sashelp.dmine, rpt_variable_vlabel, NOQUOTE))" LABEL = "%sysfunc(sasmsg(sashelp.dmine, meta_label_vlabel, NOQUOTE))";
MPRINT(EM_DIAGRAM):   label _TYPE_ = "Type" VARIABLE = "Variable" LABEL = "Label";
21673      title9 ' ';
MPRINT(EM_DIAGRAM):   title9 ' ';
21674      title10 "%sysfunc(sasmsg(sashelp.dmine, rpt_predDecVars_title  , NOQUOTE))";
MPRINT(EM_DIAGRAM):   title10 "Predicted and decision variables";
MPRINT(EM_DIAGRAM):   run;
21675      run;

NOTE: There were 11 observations read from the data set EMWS1.IDS_TARGET_B_DM.
      WHERE _type_ not in ('DATAPRIOR', 'DECISION', 'DECPRIOR', 'MATRIX', 'TRAINPRIOR');
NOTE: The PROCEDURE PRINT printed page 4.
NOTE: PROCEDURE PRINT used (Total process time):
      real time           0.01 seconds
      cpu time            0.01 seconds
      

21676      title10;
MPRINT(EM_DIAGRAM):   title10;
MPRINT(EM_DIAGRAM):    *------------------------------------------------------------*;
MPRINT(EM_DIAGRAM):   * Reg: Preparing metadata for Training *------------------------------------------------------------*;
MPRINT(EM_DIAGRAM):   data WORK.M03ARJQ_;
MPRINT(EM_DIAGRAM):   set WORK.M03ARJQ_;
MPRINT(EM_DIAGRAM):   where use = 'Y' or (role = 'INPUT' and use = 'D') ;
MPRINT(EM_DIAGRAM):   if (role = 'REJECTED') then role = 'INPUT';
MPRINT(EM_DIAGRAM):   if use = 'D' then use = 'Y';
MPRINT(EM_DIAGRAM):   run;
21686      data WORK.M03ARJQ_;
MPRINT(EM_DIAGRAM):    data WORK.M03ARJQ_;
21687      set WORK.M03ARJQ_ end=eof;
MPRINT(EM_DIAGRAM):   set WORK.M03ARJQ_ end=eof;
21688      output;
MPRINT(EM_DIAGRAM):   output;
21689      if eof then do;
MPRINT(EM_DIAGRAM):   if eof then do;
21690      NAME="";
MPRINT(EM_DIAGRAM):   NAME="";
21691      ROLE="COST";
MPRINT(EM_DIAGRAM):   ROLE="COST";
21692      LEVEL="INTERVAL";
MPRINT(EM_DIAGRAM):   LEVEL="INTERVAL";
21693      TYPE="N";
MPRINT(EM_DIAGRAM):   TYPE="N";
21694      output;
MPRINT(EM_DIAGRAM):   output;
21695      end;
MPRINT(EM_DIAGRAM):   end;
21696      run;
MPRINT(EM_DIAGRAM):   run;

NOTE: There were 48 observations read from the data set WORK.M03ARJQ_.
NOTE: The data set WORK.M03ARJQ_ has 49 observations and 21 variables.
NOTE: DATA statement used (Total process time):
      real time           0.00 seconds
      cpu time            0.00 seconds
      

NOTE: There were 2 observations read from the data set EMWS1.IDS_TARGET_B_DD.
NOTE: The data set WORK.TARGET_B has 2 observations and 7 variables.
NOTE: There were 2 observations read from the data set EMWS1.IDS_TARGET_B_DD.
NOTE: The data set WORK.TARGET_B has 2 observations and 7 variables.
21697      *------------------------------------------------------------*;
MPRINT(EM_DIAGRAM):    *------------------------------------------------------------*;
21698      * Reg: Create decision matrix;
MPRINT(EM_DIAGRAM):   * Reg: Create decision matrix;
21699      *------------------------------------------------------------*;
MPRINT(EM_DIAGRAM):   *------------------------------------------------------------*;
21700      data WORK.TARGET_B;
MPRINT(EM_DIAGRAM):   data WORK.TARGET_B;
21701        length   TARGET_B                         $  32
21702                 COUNT                                8
21703                 DATAPRIOR                            8
21704                 TRAINPRIOR                           8
21705                 DECPRIOR                             8
21706                 DECISION1                            8
21707                 DECISION2                            8
21708                 ;
MPRINT(EM_DIAGRAM):   length TARGET_B $ 32 COUNT 8 DATAPRIOR 8 TRAINPRIOR 8 DECPRIOR 8 DECISION1 8 DECISION2 8 ;
21709      
21710        label    COUNT="Level Counts"
21711                 DATAPRIOR="Data Proportions"
21712                 TRAINPRIOR="Training Proportions"
21713                 DECPRIOR="Decision Priors"
21714                 DECISION1="1"
21715                 DECISION2="0"
21716                 ;
MPRINT(EM_DIAGRAM):   label COUNT= "Level Counts" DATAPRIOR= "Data Proportions" TRAINPRIOR= "Training Proportions" DECPRIOR= "Decision Priors" DECISION1= "1" DECISION2= "0" ;
21717        format   COUNT 10.
21718                 ;
MPRINT(EM_DIAGRAM):   format COUNT 10. ;
21719      TARGET_B="1"; COUNT=4843; DATAPRIOR=0.25; TRAINPRIOR=0.25; DECPRIOR=0.05; DECISION1=14.5; DECISION2=0;
MPRINT(EM_DIAGRAM):   TARGET_B="1";
MPRINT(EM_DIAGRAM):   COUNT=4843;
MPRINT(EM_DIAGRAM):   DATAPRIOR=0.25;
MPRINT(EM_DIAGRAM):   TRAINPRIOR=0.25;
MPRINT(EM_DIAGRAM):   DECPRIOR=0.05;
MPRINT(EM_DIAGRAM):   DECISION1=14.5;
MPRINT(EM_DIAGRAM):   DECISION2=0;
21720      output;
MPRINT(EM_DIAGRAM):   output;
21721      TARGET_B="0"; COUNT=14529; DATAPRIOR=0.75; TRAINPRIOR=0.75; DECPRIOR=0.95; DECISION1=-0.5; DECISION2=0;
MPRINT(EM_DIAGRAM):   TARGET_B="0";
MPRINT(EM_DIAGRAM):   COUNT=14529;
MPRINT(EM_DIAGRAM):   DATAPRIOR=0.75;
MPRINT(EM_DIAGRAM):   TRAINPRIOR=0.75;
MPRINT(EM_DIAGRAM):   DECPRIOR=0.95;
MPRINT(EM_DIAGRAM):   DECISION1=-0.5;
MPRINT(EM_DIAGRAM):   DECISION2=0;
21722      output;
MPRINT(EM_DIAGRAM):   output;
21723      ;
MPRINT(EM_DIAGRAM):   ;
21724      run;
MPRINT(EM_DIAGRAM):   run;

NOTE: The data set WORK.TARGET_B has 2 observations and 7 variables.
NOTE: DATA statement used (Total process time):
      real time           0.01 seconds
      cpu time            0.01 seconds
      

21725      proc datasets lib=work nolist;
MPRINT(EM_DIAGRAM):   proc datasets lib=work nolist;
21726      modify TARGET_B(type=PROFIT label=TARGET_B);
MPRINT(EM_DIAGRAM):   modify TARGET_B(type=PROFIT label= TARGET_B);
MPRINT(EM_DIAGRAM):   label DECISION1= '1';
MPRINT(EM_DIAGRAM):   label DECISION2= '0';
MPRINT(EM_DIAGRAM):   run;
21727      label DECISION1= '1';
21728      label DECISION2= '0';
21729      run;

NOTE: MODIFY was successful for WORK.TARGET_B.DATA.
21730      quit;
MPRINT(EM_DIAGRAM):   quit;

NOTE: PROCEDURE DATASETS used (Total process time):
      real time           0.04 seconds
      cpu time            0.03 seconds
      

21731      data EM_DMREG / view=EM_DMREG;
MPRINT(EM_DIAGRAM):   data EM_DMREG / view=EM_DMREG;
21732      set EMWS1.Trans_TRAIN(keep=
21733      CARD_PROM_12 CLUSTER_CODE FILE_CARD_GIFT FREQUENCY_STATUS_97NK HOME_OWNER
21734      IMP_DONOR_AGE IMP_INCOME_GROUP IMP_MONTHS_SINCE_LAST_PROM_RESP IMP_REP_SES
21735      IMP_REP_URBANICITY IMP_WEALTH_RATING IN_HOUSE LG10_FILE_AVG_GIFT
21736      LG10_LAST_GIFT_AMT LG10_LIFETIME_AVG_GIFT_AMT LG10_LIFETIME_GIFT_AMOUNT
21737      LIFETIME_CARD_PROM LIFETIME_GIFT_RANGE LIFETIME_MAX_GIFT_AMT
21738      LIFETIME_MIN_GIFT_AMT LIFETIME_PROM MONTHS_SINCE_FIRST_GIFT
21739      MONTHS_SINCE_LAST_GIFT MONTHS_SINCE_ORIGIN MOR_HIT_RATE NUMBER_PROM_12
21740      OPT_LIFETIME_GIFT_COUNT OPT_MEDIAN_HOME_VALUE OPT_MEDIAN_HOUSEHOLD_INCOME
21741      OPT_PER_CAPITA_INCOME OPT_RECENT_RESPONSE_PROP OPT_RECENT_STAR_STATUS
21742      OVERLAY_SOURCE PCT_ATTRIBUTE1 PCT_ATTRIBUTE2 PCT_ATTRIBUTE3 PCT_ATTRIBUTE4
21743      PCT_OWNER_OCCUPIED PEP_STAR PUBLISHED_PHONE RECENCY_STATUS_96NK
21744      RECENT_AVG_CARD_GIFT_AMT RECENT_AVG_GIFT_AMT RECENT_CARD_RESPONSE_COUNT
21745      RECENT_CARD_RESPONSE_PROP RECENT_RESPONSE_COUNT REP_DONOR_GENDER TARGET_B );
MPRINT(EM_DIAGRAM):   set EMWS1.Trans_TRAIN(keep= CARD_PROM_12 CLUSTER_CODE FILE_CARD_GIFT FREQUENCY_STATUS_97NK HOME_OWNER IMP_DONOR_AGE IMP_INCOME_GROUP IMP_MONTHS_SINCE_LAST_PROM_RESP IMP_REP_SES IMP_REP_URBANICITY IMP_WEALTH_RATING IN_HOUSE 
LG10_FILE_AVG_GIFT LG10_LAST_GIFT_AMT LG10_LIFETIME_AVG_GIFT_AMT LG10_LIFETIME_GIFT_AMOUNT LIFETIME_CARD_PROM LIFETIME_GIFT_RANGE LIFETIME_MAX_GIFT_AMT LIFETIME_MIN_GIFT_AMT LIFETIME_PROM MONTHS_SINCE_FIRST_GIFT MONTHS_SINCE_LAST_GIFT MONTHS_SINCE_ORIGIN 
MOR_HIT_RATE NUMBER_PROM_12 OPT_LIFETIME_GIFT_COUNT OPT_MEDIAN_HOME_VALUE OPT_MEDIAN_HOUSEHOLD_INCOME OPT_PER_CAPITA_INCOME OPT_RECENT_RESPONSE_PROP OPT_RECENT_STAR_STATUS OVERLAY_SOURCE PCT_ATTRIBUTE1 PCT_ATTRIBUTE2 PCT_ATTRIBUTE3 PCT_ATTRIBUTE4 
PCT_OWNER_OCCUPIED PEP_STAR PUBLISHED_PHONE RECENCY_STATUS_96NK RECENT_AVG_CARD_GIFT_AMT RECENT_AVG_GIFT_AMT RECENT_CARD_RESPONSE_COUNT RECENT_CARD_RESPONSE_PROP RECENT_RESPONSE_COUNT REP_DONOR_GENDER TARGET_B );
21746      run;
MPRINT(EM_DIAGRAM):   run;

NOTE: DATA STEP view saved on file WORK.EM_DMREG.
NOTE: A stored DATA STEP view cannot run under a different operating system.
NOTE: View EMWS1.TRANS_TRAIN.VIEW used (Total process time):
      real time           0.10 seconds
      cpu time            0.09 seconds
      
NOTE: DATA statement used (Total process time):
      real time           0.14 seconds
      cpu time            0.10 seconds
      

MPRINT(EM_DIAGRAM):   *------------------------------------------------------------* ;
MPRINT(EM_DIAGRAM):   * Reg: DMDBClass Macro ;
MPRINT(EM_DIAGRAM):   *------------------------------------------------------------* ;
21747      *------------------------------------------------------------* ;
21748      * Reg: DMDBClass Macro ;
21749      *------------------------------------------------------------* ;
21750      %macro DMDBClass;
21751          CARD_PROM_12(ASC) CLUSTER_CODE(ASC) FREQUENCY_STATUS_97NK(ASC) HOME_OWNER(ASC)
21752         IMP_INCOME_GROUP(ASC) IMP_REP_SES(ASC) IMP_REP_URBANICITY(ASC)
21753         IMP_WEALTH_RATING(ASC) IN_HOUSE(ASC) OPT_LIFETIME_GIFT_COUNT(ASC)
21754         OPT_MEDIAN_HOME_VALUE(ASC) OPT_MEDIAN_HOUSEHOLD_INCOME(ASC)
21755         OPT_PER_CAPITA_INCOME(ASC) OPT_RECENT_RESPONSE_PROP(ASC)
21756         OPT_RECENT_STAR_STATUS(ASC) OVERLAY_SOURCE(ASC) PEP_STAR(ASC)
21757         PUBLISHED_PHONE(ASC) RECENCY_STATUS_96NK(ASC) RECENT_CARD_RESPONSE_COUNT(ASC)
21758         RECENT_RESPONSE_COUNT(ASC) REP_DONOR_GENDER(ASC) TARGET_B(DESC)
21759      %mend DMDBClass;
21760      *------------------------------------------------------------* ;
MPRINT(EM_DIAGRAM):   *------------------------------------------------------------* ;
21761      * Reg: DMDBVar Macro ;
MPRINT(EM_DIAGRAM):   * Reg: DMDBVar Macro ;
21762      *------------------------------------------------------------* ;
MPRINT(EM_DIAGRAM):   *------------------------------------------------------------* ;
21763      %macro DMDBVar;
21764          FILE_CARD_GIFT IMP_DONOR_AGE IMP_MONTHS_SINCE_LAST_PROM_RESP
21765         LG10_FILE_AVG_GIFT LG10_LAST_GIFT_AMT LG10_LIFETIME_AVG_GIFT_AMT
21766         LG10_LIFETIME_GIFT_AMOUNT LIFETIME_CARD_PROM LIFETIME_GIFT_RANGE
21767         LIFETIME_MAX_GIFT_AMT LIFETIME_MIN_GIFT_AMT LIFETIME_PROM
21768         MONTHS_SINCE_FIRST_GIFT MONTHS_SINCE_LAST_GIFT MONTHS_SINCE_ORIGIN MOR_HIT_RATE
21769         NUMBER_PROM_12 PCT_ATTRIBUTE1 PCT_ATTRIBUTE2 PCT_ATTRIBUTE3 PCT_ATTRIBUTE4
21770         PCT_OWNER_OCCUPIED RECENT_AVG_CARD_GIFT_AMT RECENT_AVG_GIFT_AMT
21771         RECENT_CARD_RESPONSE_PROP
21772      %mend DMDBVar;
21773      *------------------------------------------------------------*;
MPRINT(EM_DIAGRAM):   *------------------------------------------------------------*;
21774      * Reg: Create DMDB;
MPRINT(EM_DIAGRAM):   * Reg: Create DMDB;
21775      *------------------------------------------------------------*;
MPRINT(EM_DIAGRAM):   *------------------------------------------------------------*;
21776      proc dmdb batch data=WORK.EM_DMREG
21777      dmdbcat=WORK.Reg_DMDB
21778      maxlevel = 513
21779      ;
MPRINT(EM_DIAGRAM):   proc dmdb batch data=WORK.EM_DMREG dmdbcat=WORK.Reg_DMDB maxlevel = 513 ;
MPRINT(EM_DIAGRAM):   class
21780      class %DMDBClass;
MPRINT(DMDBCLASS):   CARD_PROM_12(ASC) CLUSTER_CODE(ASC) FREQUENCY_STATUS_97NK(ASC) HOME_OWNER(ASC) IMP_INCOME_GROUP(ASC) IMP_REP_SES(ASC) IMP_REP_URBANICITY(ASC) IMP_WEALTH_RATING(ASC) IN_HOUSE(ASC) OPT_LIFETIME_GIFT_COUNT(ASC) OPT_MEDIAN_HOME_VALUE(ASC) 
OPT_MEDIAN_HOUSEHOLD_INCOME(ASC) OPT_PER_CAPITA_INCOME(ASC) OPT_RECENT_RESPONSE_PROP(ASC) OPT_RECENT_STAR_STATUS(ASC) OVERLAY_SOURCE(ASC) PEP_STAR(ASC) PUBLISHED_PHONE(ASC) RECENCY_STATUS_96NK(ASC) RECENT_CARD_RESPONSE_COUNT(ASC) 
RECENT_RESPONSE_COUNT(ASC) REP_DONOR_GENDER(ASC) TARGET_B(DESC)
MPRINT(EM_DIAGRAM):  ;
MPRINT(EM_DIAGRAM):   var
21781      var %DMDBVar;
MPRINT(DMDBVAR):   FILE_CARD_GIFT IMP_DONOR_AGE IMP_MONTHS_SINCE_LAST_PROM_RESP LG10_FILE_AVG_GIFT LG10_LAST_GIFT_AMT LG10_LIFETIME_AVG_GIFT_AMT LG10_LIFETIME_GIFT_AMOUNT LIFETIME_CARD_PROM LIFETIME_GIFT_RANGE LIFETIME_MAX_GIFT_AMT LIFETIME_MIN_GIFT_AMT 
LIFETIME_PROM MONTHS_SINCE_FIRST_GIFT MONTHS_SINCE_LAST_GIFT MONTHS_SINCE_ORIGIN MOR_HIT_RATE NUMBER_PROM_12 PCT_ATTRIBUTE1 PCT_ATTRIBUTE2 PCT_ATTRIBUTE3 PCT_ATTRIBUTE4 PCT_OWNER_OCCUPIED RECENT_AVG_CARD_GIFT_AMT RECENT_AVG_GIFT_AMT 
RECENT_CARD_RESPONSE_PROP
MPRINT(EM_DIAGRAM):  ;
21782      target
21783      TARGET_B
21784      ;
MPRINT(EM_DIAGRAM):   target TARGET_B ;
21785      run;
MPRINT(EM_DIAGRAM):   run;

NOTE: Variable _WARN_ is uninitialized.
NOTE: Records processed = 10654   Memory used = 511K.
NOTE: There were 10654 observations read from the data set EMWS1.PART_TRAIN.
NOTE: There were 10654 observations read from the data set EMWS1.REPL_TRAIN.
NOTE: There were 10654 observations read from the data set EMWS1.IMPT_TRAIN.
NOTE: View WORK.EM_DMREG.VIEW used (Total process time):
      real time           0.21 seconds
      cpu time            0.17 seconds
      
NOTE: There were 10654 observations read from the data set EMWS1.TRANS_TRAIN.
NOTE: There were 10654 observations read from the data set WORK.EM_DMREG.
NOTE: PROCEDURE DMDB used (Total process time):
      real time           0.21 seconds
      cpu time            0.17 seconds
      

MPRINT(EM_DIAGRAM):   quit;
MPRINT(EM_DIAGRAM):   *--- end code ---*;
21786      quit;
21787      *--- end code ---*;

21788      *------------------------------------------------------------*;
MPRINT(EM_DIAGRAM):    *------------------------------------------------------------*;
21789      * Reg: Run DMREG procedure;
MPRINT(EM_DIAGRAM):   * Reg: Run DMREG procedure;
21790      *------------------------------------------------------------*;
MPRINT(EM_DIAGRAM):   *------------------------------------------------------------*;
21791      proc dmreg data=EM_DMREG dmdbcat=WORK.Reg_DMDB
21792      validata = EMWS1.Trans_VALIDATE
21793      outest = EMWS1.Reg_EMESTIMATE
21794      outterms = EMWS1.Reg_OUTTERMS
21795      outmap= EMWS1.Reg_MAPDS namelen=200
21796      ;
MPRINT(EM_DIAGRAM):   proc dmreg data=EM_DMREG dmdbcat=WORK.Reg_DMDB validata = EMWS1.Trans_VALIDATE outest = EMWS1.Reg_EMESTIMATE outterms = EMWS1.Reg_OUTTERMS outmap= EMWS1.Reg_MAPDS namelen=200 ;
21797      class
21798      TARGET_B
21799      CARD_PROM_12
21800      CLUSTER_CODE
21801      FREQUENCY_STATUS_97NK
21802      HOME_OWNER
21803      IMP_INCOME_GROUP
21804      IMP_REP_SES
21805      IMP_REP_URBANICITY
21806      IMP_WEALTH_RATING
21807      IN_HOUSE
21808      OPT_LIFETIME_GIFT_COUNT
21809      OPT_MEDIAN_HOME_VALUE
21810      OPT_MEDIAN_HOUSEHOLD_INCOME
21811      OPT_PER_CAPITA_INCOME
21812      OPT_RECENT_RESPONSE_PROP
21813      OPT_RECENT_STAR_STATUS
21814      OVERLAY_SOURCE
21815      PEP_STAR
21816      PUBLISHED_PHONE
21817      RECENCY_STATUS_96NK
21818      RECENT_CARD_RESPONSE_COUNT
21819      RECENT_RESPONSE_COUNT
21820      REP_DONOR_GENDER
21821      ;
MPRINT(EM_DIAGRAM):   class TARGET_B CARD_PROM_12 CLUSTER_CODE FREQUENCY_STATUS_97NK HOME_OWNER IMP_INCOME_GROUP IMP_REP_SES IMP_REP_URBANICITY IMP_WEALTH_RATING IN_HOUSE OPT_LIFETIME_GIFT_COUNT OPT_MEDIAN_HOME_VALUE OPT_MEDIAN_HOUSEHOLD_INCOME 
OPT_PER_CAPITA_INCOME OPT_RECENT_RESPONSE_PROP OPT_RECENT_STAR_STATUS OVERLAY_SOURCE PEP_STAR PUBLISHED_PHONE RECENCY_STATUS_96NK RECENT_CARD_RESPONSE_COUNT RECENT_RESPONSE_COUNT REP_DONOR_GENDER ;
21822      model TARGET_B =
21823      CARD_PROM_12
21824      CLUSTER_CODE
21825      FILE_CARD_GIFT
21826      FREQUENCY_STATUS_97NK
21827      HOME_OWNER
21828      IMP_DONOR_AGE
21829      IMP_INCOME_GROUP
21830      IMP_MONTHS_SINCE_LAST_PROM_RESP
21831      IMP_REP_SES
21832      IMP_REP_URBANICITY
21833      IMP_WEALTH_RATING
21834      IN_HOUSE
21835      LG10_FILE_AVG_GIFT
21836      LG10_LAST_GIFT_AMT
21837      LG10_LIFETIME_AVG_GIFT_AMT
21838      LG10_LIFETIME_GIFT_AMOUNT
21839      LIFETIME_CARD_PROM
21840      LIFETIME_GIFT_RANGE
21841      LIFETIME_MAX_GIFT_AMT
21842      LIFETIME_MIN_GIFT_AMT
21843      LIFETIME_PROM
21844      MONTHS_SINCE_FIRST_GIFT
21845      MONTHS_SINCE_LAST_GIFT
21846      MONTHS_SINCE_ORIGIN
21847      MOR_HIT_RATE
21848      NUMBER_PROM_12
21849      OPT_LIFETIME_GIFT_COUNT
21850      OPT_MEDIAN_HOME_VALUE
21851      OPT_MEDIAN_HOUSEHOLD_INCOME
21852      OPT_PER_CAPITA_INCOME
21853      OPT_RECENT_RESPONSE_PROP
21854      OPT_RECENT_STAR_STATUS
21855      OVERLAY_SOURCE
21856      PCT_ATTRIBUTE1
21857      PCT_ATTRIBUTE2
21858      PCT_ATTRIBUTE3
21859      PCT_ATTRIBUTE4
21860      PCT_OWNER_OCCUPIED
21861      PEP_STAR
21862      PUBLISHED_PHONE
21863      RECENCY_STATUS_96NK
21864      RECENT_AVG_CARD_GIFT_AMT
21865      RECENT_AVG_GIFT_AMT
21866      RECENT_CARD_RESPONSE_COUNT
21867      RECENT_CARD_RESPONSE_PROP
21868      RECENT_RESPONSE_COUNT
21869      REP_DONOR_GENDER
21870      /error=binomial link=LOGIT
21871      coding=DEVIATION
21872      nodesignprint
21873      selection=STEPWISE choose=VDECDATA
21874      Hierarchy=CLASS
21875      Rule=NONE
21876      ;
MPRINT(EM_DIAGRAM):   model TARGET_B = CARD_PROM_12 CLUSTER_CODE FILE_CARD_GIFT FREQUENCY_STATUS_97NK HOME_OWNER IMP_DONOR_AGE IMP_INCOME_GROUP IMP_MONTHS_SINCE_LAST_PROM_RESP IMP_REP_SES IMP_REP_URBANICITY IMP_WEALTH_RATING IN_HOUSE LG10_FILE_AVG_GIFT 
LG10_LAST_GIFT_AMT LG10_LIFETIME_AVG_GIFT_AMT LG10_LIFETIME_GIFT_AMOUNT LIFETIME_CARD_PROM LIFETIME_GIFT_RANGE LIFETIME_MAX_GIFT_AMT LIFETIME_MIN_GIFT_AMT LIFETIME_PROM MONTHS_SINCE_FIRST_GIFT MONTHS_SINCE_LAST_GIFT MONTHS_SINCE_ORIGIN MOR_HIT_RATE 
NUMBER_PROM_12 OPT_LIFETIME_GIFT_COUNT OPT_MEDIAN_HOME_VALUE OPT_MEDIAN_HOUSEHOLD_INCOME OPT_PER_CAPITA_INCOME OPT_RECENT_RESPONSE_PROP OPT_RECENT_STAR_STATUS OVERLAY_SOURCE PCT_ATTRIBUTE1 PCT_ATTRIBUTE2 PCT_ATTRIBUTE3 PCT_ATTRIBUTE4 PCT_OWNER_OCCUPIED 
PEP_STAR PUBLISHED_PHONE RECENCY_STATUS_96NK RECENT_AVG_CARD_GIFT_AMT RECENT_AVG_GIFT_AMT RECENT_CARD_RESPONSE_COUNT RECENT_CARD_RESPONSE_PROP RECENT_RESPONSE_COUNT REP_DONOR_GENDER /error=binomial link=LOGIT coding=DEVIATION nodesignprint 
selection=STEPWISE choose=VDECDATA Hierarchy=CLASS Rule=NONE ;
21877      ;
MPRINT(EM_DIAGRAM):   ;
21878      decision decdata=WORK.TARGET_B
21879      decvars=
21880      DECISION1
21881      DECISION2
21882      priorVar=DECPRIOR
21883      ;
MPRINT(EM_DIAGRAM):   decision decdata=WORK.TARGET_B decvars= DECISION1 DECISION2 priorVar=DECPRIOR ;
21884      code file="J:\JMMORR01\CIS 445\Tutorial 1\Charity\Workspaces\EMWS1\Reg\EMPUBLISHSCORE.sas"
21885      group=Reg
21886      ;
MPRINT(EM_DIAGRAM):   code file="J:\JMMORR01\CIS 445\Tutorial 1\Charity\Workspaces\EMWS1\Reg\EMPUBLISHSCORE.sas" group=Reg ;
21887      code file="J:\JMMORR01\CIS 445\Tutorial 1\Charity\Workspaces\EMWS1\Reg\EMFLOWSCORE.sas"
21888      group=Reg
21889      residual
21890      ;
MPRINT(EM_DIAGRAM):   code file="J:\JMMORR01\CIS 445\Tutorial 1\Charity\Workspaces\EMWS1\Reg\EMFLOWSCORE.sas" group=Reg residual ;
21891      run;
MPRINT(EM_DIAGRAM):   run;

NOTE: Variable _WARN_ is uninitialized.

NOTE: PROC DMREG is modeling the probability that TARGET_B=1.
NOTE: Convergence criterion (ABSGCONV=0.00001) satisfied.
NOTE: Variable _WARN_ is uninitialized.
NOTE: Convergence criterion (GCONV=1E-6) satisfied.
NOTE: Convergence criterion (GCONV=1E-6) satisfied.
NOTE: Convergence criterion (GCONV=1E-6) satisfied.
NOTE: Convergence criterion (GCONV=1E-6) satisfied.
NOTE: Convergence criterion (GCONV=1E-6) satisfied.
NOTE: At least one element of the gradient is greater than 1e-3.
NOTE: Convergence criterion (GCONV=1E-6) satisfied.
NOTE: At least one element of the gradient is greater than 1e-3.
NOTE: Convergence criterion (GCONV=1E-6) satisfied.
NOTE: At least one element of the gradient is greater than 1e-3.
NOTE: Convergence criterion (GCONV=1E-6) satisfied.
NOTE: At least one element of the gradient is greater than 1e-3.
NOTE: Convergence criterion (GCONV=1E-6) satisfied.
NOTE: At least one element of the gradient is greater than 1e-3.
NOTE: Convergence criterion (GCONV=1E-6) satisfied.
NOTE: At least one element of the gradient is greater than 1e-3.
NOTE: Convergence criterion (GCONV=1E-6) satisfied.
NOTE: At least one element of the gradient is greater than 1e-3.
NOTE: Convergence criterion (GCONV=1E-6) satisfied.
NOTE: At least one element of the gradient is greater than 1e-3.
NOTE: Convergence criterion (GCONV=1E-6) satisfied.
NOTE: At least one element of the gradient is greater than 1e-3.
NOTE: Convergence criterion (GCONV=1E-6) satisfied.
NOTE: At least one element of the gradient is greater than 1e-3.
NOTE: External file J:\JMMORR01\CIS 445\Tutorial 1\Charity\Workspaces\EMWS1\Reg\EMPUBLISHSCORE.sas opened.
NOTE: External file J:\JMMORR01\CIS 445\Tutorial 1\Charity\Workspaces\EMWS1\Reg\EMFLOWSCORE.sas opened.
NOTE: There were 8718 observations read from the data set EMWS1.PART_VALIDATE.
NOTE: There were 8718 observations read from the data set EMWS1.REPL_VALIDATE.
NOTE: View EMWS1.TRANS_VALIDATE.VIEW used (Total process time):
      real time           4.04 seconds
      cpu time            3.64 seconds
      
NOTE: There were 8718 observations read from the data set EMWS1.IMPT_VALIDATE.
NOTE: There were 10654 observations read from the data set EMWS1.PART_TRAIN.
NOTE: There were 10654 observations read from the data set EMWS1.REPL_TRAIN.
NOTE: There were 10654 observations read from the data set EMWS1.IMPT_TRAIN.
NOTE: View WORK.EM_DMREG.VIEW used (Total process time):
      real time           4.21 seconds
      cpu time            3.81 seconds
      
NOTE: There were 10654 observations read from the data set EMWS1.TRANS_TRAIN.
NOTE: There were 10654 observations read from the data set WORK.EM_DMREG.
NOTE: There were 8718 observations read from the data set EMWS1.TRANS_VALIDATE.
NOTE: The data set EMWS1.REG_EMESTIMATE has 48 observations and 204 variables.
NOTE: The data set EMWS1.REG_OUTTERMS has 6 observations and 6 variables.
NOTE: The data set EMWS1.REG_MAPDS has 2 observations and 165 variables.
NOTE: The PROCEDURE DMREG printed pages 5-20.
NOTE: PROCEDURE DMREG used (Total process time):
      real time           4.42 seconds
      cpu time            3.84 seconds
      

MPRINT(EM_DIAGRAM):   quit;
21892      quit;

21893      proc datasets lib=WORK nolist;
MPRINT(EM_DIAGRAM):    proc datasets lib=WORK nolist;
21894      delete Reg_DMDB;
MPRINT(EM_DIAGRAM):   delete Reg_DMDB;
21895      run;
MPRINT(EM_DIAGRAM):   run;

NOTE: The file WORK.REG_DMDB (memtype=DATA) was not found, but appears on a DELETE statement.
21896      quit;
MPRINT(EM_DIAGRAM):   quit;

NOTE: PROCEDURE DATASETS used (Total process time):
      real time           0.01 seconds
      cpu time            0.01 seconds
      

21897      proc datasets lib=WORK nolist;
MPRINT(EM_DIAGRAM):    proc datasets lib=WORK nolist;
21898      delete Reg_DMDB / memtype=catalog;
MPRINT(EM_DIAGRAM):   delete Reg_DMDB / memtype=catalog;
21899      run;
MPRINT(EM_DIAGRAM):   run;

NOTE: Deleting WORK.REG_DMDB (memtype=CATALOG).
21900      quit;
MPRINT(EM_DIAGRAM):   quit;

NOTE: PROCEDURE DATASETS used (Total process time):
      real time           0.01 seconds
      cpu time            0.01 seconds
      

21901      data WORK.ESTIMATE;
MPRINT(EM_DIAGRAM):    data WORK.ESTIMATE;
21902      length _NAME_ $32;
MPRINT(EM_DIAGRAM):   length _NAME_ $32;
21903      set EMWS1.Reg_EMESTIMATE;
MPRINT(EM_DIAGRAM):   set EMWS1.Reg_EMESTIMATE;
21904      drop _AIC_--_VAPROF_
21905      ;
MPRINT(EM_DIAGRAM):   drop _AIC_--_VAPROF_ ;
21906      where _CHOSEN_ ne '' and _TYPE_ in('PARMS', 'T', 'P');
MPRINT(EM_DIAGRAM):   where _CHOSEN_ ne '' and _TYPE_ in('PARMS', 'T', 'P');
21907      drop _STEP_ _CHOSEN_;
MPRINT(EM_DIAGRAM):   drop _STEP_ _CHOSEN_;
21908      select(_TYPE_);
MPRINT(EM_DIAGRAM):   select(_TYPE_);
21909      when('PARMS') _NAME_='Coefficient';
MPRINT(EM_DIAGRAM):   when('PARMS') _NAME_='Coefficient';
21910      when('T') _NAME_='tValue';
MPRINT(EM_DIAGRAM):   when('T') _NAME_='tValue';
21911      when('P') _NAME_='PValue';
MPRINT(EM_DIAGRAM):   when('P') _NAME_='PValue';
21912      otherwise;
MPRINT(EM_DIAGRAM):   otherwise;
21913      end;
MPRINT(EM_DIAGRAM):   end;
21914      run;
MPRINT(EM_DIAGRAM):   run;

NOTE: There were 3 observations read from the data set EMWS1.REG_EMESTIMATE.
      WHERE (_CHOSEN_ not = ' ') and _TYPE_ in ('P', 'PARMS', 'T');
NOTE: The data set WORK.ESTIMATE has 3 observations and 166 variables.
NOTE: DATA statement used (Total process time):
      real time           0.03 seconds
      cpu time            0.01 seconds
      

21915      proc transpose data=WORK.ESTIMATE out=WORK.ESTIMATE(rename=(_NAME_=Effect));
MPRINT(EM_DIAGRAM):   proc transpose data=WORK.ESTIMATE out=WORK.ESTIMATE(rename=(_NAME_=Effect));
21916      run;
MPRINT(EM_DIAGRAM):   run;

NOTE: There were 3 observations read from the data set WORK.ESTIMATE.
NOTE: The data set WORK.ESTIMATE has 164 observations and 5 variables.
NOTE: PROCEDURE TRANSPOSE used (Total process time):
      real time           0.03 seconds
      cpu time            0.00 seconds
      

21917      proc transpose data=EMWS1.Reg_MAPDS out=WORK.MAP(rename=(_NAME_=Effect INPUT=Variable
21918      ));
MPRINT(EM_DIAGRAM):   proc transpose data=EMWS1.Reg_MAPDS out=WORK.MAP(rename=(_NAME_=Effect INPUT=Variable ));
21919      var 'CARD_PROM_120'n--'REP_DONOR_GENDERU'n;
MPRINT(EM_DIAGRAM):   var 'CARD_PROM_120'n--'REP_DONOR_GENDERU'n;
21920      run;
MPRINT(EM_DIAGRAM):   run;

NOTE: There were 2 observations read from the data set EMWS1.REG_MAPDS.
NOTE: The data set WORK.MAP has 163 observations and 4 variables.
NOTE: PROCEDURE TRANSPOSE used (Total process time):
      real time           0.03 seconds
      cpu time            0.00 seconds
      

21921      proc sort data=WORK.MAP;
MPRINT(EM_DIAGRAM):   proc sort data=WORK.MAP;
21922      by Effect;
MPRINT(EM_DIAGRAM):   by Effect;
21923      run;
MPRINT(EM_DIAGRAM):   run;

NOTE: There were 163 observations read from the data set WORK.MAP.
NOTE: The data set WORK.MAP has 163 observations and 4 variables.
NOTE: PROCEDURE SORT used (Total process time):
      real time           0.01 seconds
      cpu time            0.01 seconds
      

21924      proc sort data=WORK.ESTIMATE;
MPRINT(EM_DIAGRAM):   proc sort data=WORK.ESTIMATE;
21925      by Effect;
MPRINT(EM_DIAGRAM):   by Effect;
21926      run;
MPRINT(EM_DIAGRAM):   run;

NOTE: There were 164 observations read from the data set WORK.ESTIMATE.
NOTE: The data set WORK.ESTIMATE has 164 observations and 5 variables.
NOTE: PROCEDURE SORT used (Total process time):
      real time           0.01 seconds
      cpu time            0.01 seconds
      

21927      data EMWS1.Reg_EFFECTS(rename=(_LABEL_=EffectLabel));
MPRINT(EM_DIAGRAM):   data EMWS1.Reg_EFFECTS(rename=(_LABEL_=EffectLabel));
21928      length Variable ClassLevel $32;
MPRINT(EM_DIAGRAM):   length Variable ClassLevel $32;
21929      merge WORK.ESTIMATE WORK.MAP;
MPRINT(EM_DIAGRAM):   merge WORK.ESTIMATE WORK.MAP;
21930      by Effect;
MPRINT(EM_DIAGRAM):   by Effect;
21931      label Effect = "%sysfunc(sasmsg(sashelp.dmine, rpt_effect_vlabel, NOQUOTE))" Variable = "%sysfunc(sasmsg(sashelp.dmine, rpt_variable_vlabel, NOQUOTE))" Sign = "%sysfunc(sasmsg(sashelp.dmine, rpt_sign_vlabel, NOQUOTE))" ClassLevel =
21932         "%sysfunc(sasmsg(sashelp.dmine, rpt_level_vlabel, NOQUOTE))" Abscoefficient = "%sysfunc(sasmsg(sashelp.dmine, rpt_abscoefficient_vlabel, NOQUOTE))" Coefficient = "%sysfunc(sasmsg(sashelp.dmine, rpt_coefficient_vlabel, NOQUOTE))" _LABEL_ =
21933         "%sysfunc(sasmsg(sashelp.dmine, rpt_effectLabel_vlabel, NOQUOTE))" CODE = "%sysfunc(sasmsg(sashelp.dmine, rpt_scorecodevar_vlabel, NOQUOTE))";
MPRINT(EM_DIAGRAM):   label Effect = "Effect" Variable = "Variable" Sign = "Sign" ClassLevel = "Level" Abscoefficient = "Absolute Coefficient" Coefficient = "Coefficient" _LABEL_ = "Effect Label" CODE = "Score Code Variable";
21934      label tvalue = "%sysfunc(sasmsg(sashelp.dmine, rpt_tvalue_vlabel,         NOQUOTE))" abstvalue = "%sysfunc(sasmsg(sashelp.dmine, rpt_absoluteTvalue_vlabel, NOQUOTE))" PValue = "%sysfunc(sasmsg(sashelp.dmine, rpt_pvalue_vlabel,         NOQUOTE))"
21934    ! ;
MPRINT(EM_DIAGRAM):   label tvalue = "T-value" abstvalue = "Absolute T-value" PValue = "P Value";
21935      abstvalue = abs(tValue);
MPRINT(EM_DIAGRAM):   abstvalue = abs(tValue);
21936      if index(Effect, 'Intercept') then do;
MPRINT(EM_DIAGRAM):   if index(Effect, 'Intercept') then do;
21937      variable = 'Intercept';
MPRINT(EM_DIAGRAM):   variable = 'Intercept';
21938      classLevel = scan(_LABEL_, 2, '=');
MPRINT(EM_DIAGRAM):   classLevel = scan(_LABEL_, 2, '=');
21939      end;
MPRINT(EM_DIAGRAM):   end;
21940      if ^indexc(variable, '*') then do;
MPRINT(EM_DIAGRAM):   if ^indexc(variable, '*') then do;
21941      if length(effect)>length(variable) then classlevel = substr(Effect, length(variable)+1);
MPRINT(EM_DIAGRAM):   if length(effect)>length(variable) then classlevel = substr(Effect, length(variable)+1);
21942      end;
MPRINT(EM_DIAGRAM):   end;
21943      if Effect eq '' then Effect = Variable;
MPRINT(EM_DIAGRAM):   if Effect eq '' then Effect = Variable;
21944      if coefficient < 0 then sign = '-';
MPRINT(EM_DIAGRAM):   if coefficient < 0 then sign = '-';
21945      else sign = '+';
MPRINT(EM_DIAGRAM):   else sign = '+';
21946      abscoefficient = abs(coefficient);
MPRINT(EM_DIAGRAM):   abscoefficient = abs(coefficient);
21947      if _LABEL_ = '' then _LABEL_ = Effect;
MPRINT(EM_DIAGRAM):   if _LABEL_ = '' then _LABEL_ = Effect;
21948      if coefficient ne . then output;
MPRINT(EM_DIAGRAM):   if coefficient ne . then output;
21949      run;
MPRINT(EM_DIAGRAM):   run;

NOTE: Missing values were generated as a result of performing an operation on missing values.
      Each place is given by: (Number of times) at (Line):(Column).
      158 at 21935:13   158 at 21946:18   
NOTE: There were 164 observations read from the data set WORK.ESTIMATE.
NOTE: There were 163 observations read from the data set WORK.MAP.
NOTE: The data set EMWS1.REG_EFFECTS has 6 observations and 11 variables.
NOTE: DATA statement used (Total process time):
      real time           0.12 seconds
      cpu time            0.03 seconds
      

21950      proc sort data =EMWS1.Reg_EFFECTS;
MPRINT(EM_DIAGRAM):    proc sort data =EMWS1.Reg_EFFECTS;
21951      by
21952      descending abstvalue;
MPRINT(EM_DIAGRAM):   by descending abstvalue;
21953      run;
MPRINT(EM_DIAGRAM):   run;

NOTE: There were 6 observations read from the data set EMWS1.REG_EFFECTS.
NOTE: The data set EMWS1.REG_EFFECTS has 6 observations and 11 variables.
NOTE: PROCEDURE SORT used (Total process time):
      real time           0.12 seconds
      cpu time            0.01 seconds
      

21954      data EMWS1.Reg_EFFECTS;
MPRINT(EM_DIAGRAM):   data EMWS1.Reg_EFFECTS;
21955      set EMWS1.Reg_EFFECTS;
MPRINT(EM_DIAGRAM):   set EMWS1.Reg_EFFECTS;
21956      format TEffectNum 3.;
MPRINT(EM_DIAGRAM):   format TEffectNum 3.;
21957      label TEffectNum = "%sysfunc(sasmsg(sashelp.dmine, rpt_teffectnum_vlabel, NOQUOTE))";
MPRINT(EM_DIAGRAM):   label TEffectNum = "TScore Number";
21958      retain TEffectNum;
MPRINT(EM_DIAGRAM):   retain TEffectNum;
21959      TEffectNum = _N_;
MPRINT(EM_DIAGRAM):   TEffectNum = _N_;
21960      run;
MPRINT(EM_DIAGRAM):   run;

NOTE: There were 6 observations read from the data set EMWS1.REG_EFFECTS.
NOTE: The data set EMWS1.REG_EFFECTS has 6 observations and 12 variables.
NOTE: DATA statement used (Total process time):
      real time           0.14 seconds
      cpu time            0.01 seconds
      

21961      proc sort data =EMWS1.Reg_EFFECTS;
MPRINT(EM_DIAGRAM):    proc sort data =EMWS1.Reg_EFFECTS;
21962      by
21963      descending absCoefficient;
MPRINT(EM_DIAGRAM):   by descending absCoefficient;
21964      run;
MPRINT(EM_DIAGRAM):   run;

NOTE: There were 6 observations read from the data set EMWS1.REG_EFFECTS.
NOTE: The data set EMWS1.REG_EFFECTS has 6 observations and 12 variables.
NOTE: PROCEDURE SORT used (Total process time):
      real time           0.12 seconds
      cpu time            0.00 seconds
      

21965      data EMWS1.Reg_EFFECTS;
MPRINT(EM_DIAGRAM):   data EMWS1.Reg_EFFECTS;
21966      set EMWS1.Reg_EFFECTS;
MPRINT(EM_DIAGRAM):   set EMWS1.Reg_EFFECTS;
21967      format EffectNum 3.;
MPRINT(EM_DIAGRAM):   format EffectNum 3.;
21968      label EffectNum = "%sysfunc(sasmsg(sashelp.dmine, rpt_effectnum_vlabel, NOQUOTE))";
MPRINT(EM_DIAGRAM):   label EffectNum = "Effect Number";
21969      retain EffectNum;
MPRINT(EM_DIAGRAM):   retain EffectNum;
21970      EffectNum = _N_;
MPRINT(EM_DIAGRAM):   EffectNum = _N_;
21971      run;
MPRINT(EM_DIAGRAM):   run;

NOTE: There were 6 observations read from the data set EMWS1.REG_EFFECTS.
NOTE: The data set EMWS1.REG_EFFECTS has 6 observations and 13 variables.
NOTE: DATA statement used (Total process time):
      real time           0.12 seconds
      cpu time            0.03 seconds
      

21972      proc transpose data=EMWS1.Reg_EMESTIMATE out=EMWS1.Reg_ESTIMATEGRID(rename=(PARMS=Coefficient T=TValue _NAME_=Effect _LABEL_=EffectLabel));
MPRINT(EM_DIAGRAM):    proc transpose data=EMWS1.Reg_EMESTIMATE out=EMWS1.Reg_ESTIMATEGRID(rename=(PARMS=Coefficient T=TValue _NAME_=Effect _LABEL_=EffectLabel));
21973      where _CHOSEN_ eq '' and _TYPE_ in('PARMS', 'T', 'P');
MPRINT(EM_DIAGRAM):   where _CHOSEN_ eq '' and _TYPE_ in('PARMS', 'T', 'P');
21974      var 'CARD_PROM_120'n--'REP_DONOR_GENDERU'n;
MPRINT(EM_DIAGRAM):   var 'CARD_PROM_120'n--'REP_DONOR_GENDERU'n;
21975      by _STEP_;
MPRINT(EM_DIAGRAM):   by _STEP_;
21976      id _TYPE_;
MPRINT(EM_DIAGRAM):   id _TYPE_;
21977      run;
MPRINT(EM_DIAGRAM):   run;

NOTE: There were 45 observations read from the data set EMWS1.REG_EMESTIMATE.
      WHERE (_CHOSEN_=' ') and _TYPE_ in ('P', 'PARMS', 'T');
NOTE: The data set EMWS1.REG_ESTIMATEGRID has 2445 observations and 6 variables.
NOTE: PROCEDURE TRANSPOSE used (Total process time):
      real time           0.12 seconds
      cpu time            0.03 seconds
      

21978      data EMWS1.Reg_ESTIMATEGRID;
MPRINT(EM_DIAGRAM):    data EMWS1.Reg_ESTIMATEGRID;
21979      set EMWS1.Reg_ESTIMATEGRID;
MPRINT(EM_DIAGRAM):   set EMWS1.Reg_ESTIMATEGRID;
21980      if EffectLabel eq '' then EffectLabel = Effect;
MPRINT(EM_DIAGRAM):   if EffectLabel eq '' then EffectLabel = Effect;
21981      label EffectLabel = "%sysfunc(sasmsg(sashelp.dmine, rpt_effectLabel_vlabel, NOQUOTE))" Effect = "%sysfunc(sasmsg(sashelp.dmine, rpt_effect_vlabel, NOQUOTE))" Abscoefficient = "%sysfunc(sasmsg(sashelp.dmine, rpt_abscoefficient_vlabel, NOQUOTE))"
21982         Coefficient = "%sysfunc(sasmsg(sashelp.dmine, rpt_coefficient_vlabel, NOQUOTE))" tvalue = "%sysfunc(sasmsg(sashelp.dmine, rpt_tvalue_vlabel,         NOQUOTE))" abstvalue = "%sysfunc(sasmsg(sashelp.dmine, rpt_absoluteTvalue_vlabel, NOQUOTE))"
21982    ! PValue =
21983         "%sysfunc(sasmsg(sashelp.dmine, rpt_pvalue_vlabel,         NOQUOTE))";
MPRINT(EM_DIAGRAM):   label EffectLabel = "Effect Label" Effect = "Effect" Abscoefficient = "Absolute Coefficient" Coefficient = "Coefficient" tvalue = "T-value" abstvalue = "Absolute T-value" PValue = "P Value";
21984      AbsCoefficient = abs(Coefficient);
MPRINT(EM_DIAGRAM):   AbsCoefficient = abs(Coefficient);
21985      AbsTValue = abs(TValue);
MPRINT(EM_DIAGRAM):   AbsTValue = abs(TValue);
21986      where coefficient ne .;
MPRINT(EM_DIAGRAM):   where coefficient ne .;
21987      run;
MPRINT(EM_DIAGRAM):   run;

NOTE: Variable PValue is uninitialized.
NOTE: There were 362 observations read from the data set EMWS1.REG_ESTIMATEGRID.
      WHERE coefficient not = .;
NOTE: The data set EMWS1.REG_ESTIMATEGRID has 362 observations and 8 variables.
NOTE: DATA statement used (Total process time):
      real time           0.14 seconds
      cpu time            0.04 seconds
      

MPRINT(EM_DIAGRAM):    proc printto;
MPRINT(EM_DIAGRAM):   run;
